2015-06-11 14:55:06 - name: "11.jpg", type: "image/jpeg", error: "0", size: "92594", referer: "http://new.agstrad.loc/orders/order_view/?id=31", user_id: "32"
2015-06-11 15:01:15 - name: "1.png", type: "image/png", error: "0", size: "53755", referer: "http://new.agstrad.loc/orders/order_view/?id=31", user_id: "39"
2015-06-11 15:04:22 - name: "1.png", type: "image/png", error: "0", size: "53755", referer: "http://new.agstrad.loc/orders/order_view/?id=31", user_id: "39"
2015-06-11 15:05:04 - name: "1.png", type: "image/png", error: "0", size: "53755", referer: "http://new.agstrad.loc/orders/order_view/?id=31", user_id: "39"
2015-06-11 15:08:53 - name: "11.jpg", type: "image/jpeg", error: "0", size: "92594", referer: "http://new.agstrad.loc/orders/order_view/?id=31", user_id: "39"
2015-06-11 15:10:14 - name: "1.png", type: "image/png", error: "0", size: "53755", referer: "http://new.agstrad.loc/orders/order_view/?id=31", user_id: "39"
2015-06-11 15:10:50 - name: "1.png", type: "image/png", error: "0", size: "53755", referer: "http://new.agstrad.loc/orders/order_view/?id=31", user_id: "39"
2015-06-11 15:11:57 - name: "1.png", type: "image/png", error: "0", size: "53755", referer: "http://new.agstrad.loc/orders/order_view/?id=31", user_id: "39"
2015-06-11 15:14:15 - name: "1.png", type: "image/png", error: "0", size: "53755", referer: "http://new.agstrad.loc/orders/order_view/?id=31", user_id: "39"
2015-06-11 15:21:57 - name: "1.png", type: "image/png", error: "0", size: "53755", referer: "http://new.agstrad.loc/orders/order_view/?id=31", user_id: "39"
2015-06-11 15:22:35 - name: "1.png", type: "image/png", error: "0", size: "53755", referer: "http://new.agstrad.loc/orders/order_view/?id=31", user_id: "39"
2015-06-11 15:24:48 - name: "1.png", type: "image/png", error: "0", size: "53755", referer: "http://new.agstrad.loc/orders/order_view/?id=31", user_id: "39"
2015-06-11 15:26:37 - name: "1.png", type: "image/png", error: "0", size: "53755", referer: "http://new.agstrad.loc/orders/order_view/?id=31", user_id: "39"
2015-06-11 15:27:30 - name: "1.png", type: "image/png", error: "0", size: "53755", referer: "http://new.agstrad.loc/orders/order_view/?id=31", user_id: "39"
2015-06-11 15:30:48 - name: "1.png", type: "image/png", error: "0", size: "53755", referer: "http://new.agstrad.loc/orders/order_view/?id=31", user_id: "39"
2015-07-06 17:10:10 - name: "file (11).csv", type: "application/vnd.ms-excel", error: "0", size: "738", referer: "http://new.agstrad.loc/orders/order_view/?id=24702", user_id: "41"
2015-07-06 17:11:50 - name: "Contrat_ALB67884 anno.pdf", type: "application/pdf", error: "0", size: "182532", referer: "http://new.agstrad.loc/orders/order_view/?id=24702", user_id: "41"
2015-07-06 17:12:27 - name: "1.png", type: "image/png", error: "0", size: "53755", referer: "http://new.agstrad.loc/orders/order_view/?id=24702", user_id: "41"
2015-07-06 17:23:38 - name: "file (11).csv", type: "application/vnd.ms-excel", error: "0", size: "738", referer: "http://new.agstrad.loc/orders/order_view/?id=24702", user_id: "41"
2015-07-06 17:26:39 - name: "localhost.sql", type: "application/octet-stream", error: "0", size: "3942456", referer: "http://new.agstrad.loc/orders/order_view/?id=24702", user_id: "41"
2015-07-06 17:27:38 - name: "file (11).csv", type: "application/vnd.ms-excel", error: "0", size: "738", referer: "http://new.agstrad.loc/orders/order_view/?id=24702", user_id: "41"
2015-07-06 17:32:30 - name: "file (11).csv", type: "application/vnd.ms-excel", error: "0", size: "738", referer: "http://new.agstrad.loc/orders/order_view/?id=24702", user_id: "41"
2015-07-06 17:33:03 - name: "file (11).csv", type: "application/vnd.ms-excel", error: "0", size: "738", referer: "http://new.agstrad.loc/orders/order_view/?id=24702", user_id: "41"
2015-07-06 17:57:46 - name: "file (11).csv", type: "application/vnd.ms-excel", error: "0", size: "738", referer: "http://new.agstrad.loc/orders/order_view/?id=24702", user_id: "41"
2015-07-06 18:00:09 - name: "Contrat_ALB67884 anno.pdf", type: "application/pdf", error: "0", size: "182532", referer: "http://new.agstrad.loc/orders/order_view/?id=24702", user_id: "41"
2015-07-06 18:00:44 - name: "Catalog.pdf", type: "application/pdf", error: "0", size: "4523453", referer: "http://new.agstrad.loc/orders/order_view/?id=24702", user_id: "41"
2015-07-07 16:01:19 - name: "Contrat_ALB67884 anno.pdf", type: "application/pdf", error: "0", size: "182532", referer: "http://new.agstrad.loc/clients/client_view/?id=3858", user_id: "47"
2015-07-07 16:09:52 - name: "Contrat_ALB67884 anno.pdf", type: "application/pdf", error: "0", size: "182532", referer: "http://new.agstrad.loc/orders/order_view/?id=24702", user_id: "41"
2015-07-07 16:11:25 - name: "Catalog.pdf", type: "application/pdf", error: "0", size: "4523453", referer: "http://new.agstrad.loc/orders/order_view/?id=24702", user_id: "41"
2015-07-07 16:11:50 - name: "1.png", type: "image/png", error: "0", size: "53755", referer: "http://new.agstrad.loc/orders/order_view/?id=24702", user_id: "41"
2015-07-07 16:15:57 - name: "1.png", type: "image/png", error: "0", size: "53755", referer: "http://new.agstrad.loc/orders/order_view/?id=24702", user_id: "41"
2015-07-07 16:51:01 - name: "aaa.png", type: "image/png", error: "0", size: "0", referer: "http://new.agstrad.loc/translators/translator_view/?id=22", user_id: "48"
2015-07-07 16:54:27 - name: "Contrat_ALB67884 anno.pdf", type: "application/pdf", error: "0", size: "182532", referer: "http://new.agstrad.loc/translators/translator_view/?id=3", user_id: ""
2015-07-07 16:54:40 - name: "1.png", type: "image/png", error: "0", size: "53755", referer: "http://new.agstrad.loc/translators/translator_view/?id=3", user_id: ""
2015-07-07 16:55:34 - name: "Contrat_ALB67884 anno.pdf", type: "application/pdf", error: "0", size: "182532", referer: "http://new.agstrad.loc/translators/translator_view/?id=22", user_id: "48"
2015-07-07 16:55:43 - name: "1.png", type: "image/png", error: "0", size: "53755", referer: "http://new.agstrad.loc/translators/translator_view/?id=22", user_id: "48"
2015-07-07 17:52:13 - name: "Catalog (6).pdf", type: "application/pdf", error: "0", size: "4523453", referer: "http://new.agstrad.loc/orders/order_view/?id=24701", user_id: ""
2015-07-09 15:54:20 - success: "1", name: "queries.txt", type: "text/plain", error: "", size: "3199", referer: "http://new.agstrad.loc/clients/client_view/?id=3858"
2015-07-10 13:34:45 - success: "1", name: "queries.txt", type: "text/plain", error: "", size: "3199", referer: "http://new.agstrad.loc/clients/client_view/?id=3856"
2015-07-10 14:24:07 - success: "1", name: "queries.txt", type: "text/plain", error: "", size: "3199", referer: "http://new.agstrad.loc/clients/client_view/?id=3856"
2015-07-10 15:37:59 - success: "1", name: "queries.txt", type: "text/plain", error: "", size: "3199", referer: "http://new.agstrad.loc/clients/client_view/?id=3856"
2015-07-10 15:58:27 - success: "1", name: "style.css", type: "text/css", error: "", size: "7488", referer: "http://new.agstrad.loc/clients/client_view/?id=3856"
2015-07-10 15:59:54 - success: "1", name: "article_categoriess.csv", type: "application/vnd.ms-excel", error: "", size: "147477", referer: "http://new.agstrad.loc/clients/client_view/?id=3856"
2015-07-10 16:06:31 - success: "1", name: "script.js", type: "application/javascript", error: "", size: "4683", referer: "http://new.agstrad.loc/clients/client_view/?id=3856"
2015-07-14 09:58:44 - name: "queries.txt", type: "text/plain", error: "0", size: "3199", referer: "http://new.agstrad.loc/orders/order_view/?id=24703", user_id: "45"
2015-07-14 12:10:38 - name: "queries.txt", type: "text/plain", error: "0", size: "3199", referer: "http://new.agstrad.loc/orders/order_view/?id=24703", user_id: "45"
2015-07-14 12:52:01 - name: "shot2.png", type: "image/png", error: "0", size: "17181", referer: "http://new.agstrad.loc/orders/order_view/?id=24703", user_id: "45"
2015-07-14 12:54:53 - name: "shot.png", type: "image/png", error: "0", size: "55509", referer: "http://new.agstrad.loc/orders/order_view/?id=24703", user_id: "45"
2015-07-14 13:29:53 - name: "style.css", type: "text/css", error: "0", size: "7488", referer: "http://new.agstrad.loc/orders/order_view/?id=24703", user_id: "45"
2015-07-14 16:54:25 - name: "queries.txt", type: "text/plain", error: "0", size: "3199", referer: "http://new.agstrad.loc/orders/order_view/?id=24703", user_id: "45"
2015-07-14 16:56:59 - name: "script.js", type: "application/javascript", error: "0", size: "4683", referer: "http://new.agstrad.loc/orders/order_view/?id=24703"
2015-07-14 17:01:51 - name: "style.css", type: "text/css", error: "0", size: "7488", referer: "http://new.agstrad.loc/orders/order_view/?id=24703"
2015-07-14 17:04:55 - name: "document_category_type.sql", type: "application/octet-stream", error: "0", size: "1456", referer: "http://new.agstrad.loc/orders/order_view/?id=24703"
2015-07-14 17:05:26 - name: "queries.txt", type: "text/plain", error: "0", size: "3199", referer: "http://new.agstrad.loc/orders/order_view/?id=24703"
2015-07-14 17:47:49 - name: "script.js", type: "application/javascript", error: "0", size: "4683", referer: "http://new.agstrad.loc/orders/order_view/?id=24703"
2015-07-14 17:48:06 - name: "style.css", type: "text/css", error: "0", size: "7488", referer: "http://new.agstrad.loc/orders/order_view/?id=24703"
2015-07-15 10:18:45 - name: "style.css", type: "text/css", error: "0", size: "7488", referer: "http://new.agstrad.loc/orders/order_view/?id=24703"
2015-07-15 10:20:15 - name: "style.css", type: "text/css", error: "0", size: "7488", referer: "http://new.agstrad.loc/orders/order_view/?id=24703"
2015-07-15 10:26:17 - name: "style.css", type: "text/css", error: "0", size: "7488", referer: "http://new.agstrad.loc/orders/order_view/?id=24703"
2015-07-15 10:35:51 - name: "style.css", type: "text/css", error: "0", size: "7488", referer: "http://new.agstrad.loc/orders/order_view/?id=24703"
2015-07-15 10:39:39 - name: "style.css", type: "text/css", error: "0", size: "7488", referer: "http://new.agstrad.loc/orders/order_view/?id=24703"
2015-07-15 10:51:12 - name: "style.css", type: "text/css", error: "0", size: "7488", referer: "http://new.agstrad.loc/orders/order_view/?id=24703"
2015-07-15 11:00:16 - name: "queries.txt", type: "text/plain", error: "0", size: "3199", referer: "http://new.agstrad.loc/orders/order_view/?id=24703"
2015-07-15 12:54:52 - name: "201506_ИП Мусиенко Анна Владимировна.pdf", type: "application/pdf", error: "0", size: "131772", referer: "http://new.agstrad.loc/orders/order_view/?id=24703"
2015-07-15 13:17:35 - name: "aaa  rr.png", type: "image/png", error: "0", size: "53755", referer: "http://new.agstrad.loc/orders/order_view/?id=24703"
2015-07-20 16:11:06 - name: "image-16-07-15-16_07.jpeg", type: "image/jpeg", error: "0", size: "1587982", referer: "http://new.agstrad.loc/orders/order_view/?id=24703"
2015-07-20 16:11:11 - name: "image-16-07-15-16_07.jpeg", type: "image/jpeg", error: "0", size: "1587982", referer: "http://new.agstrad.loc/orders/order_view/?id=24703"
2015-07-30 15:02:44 - name: "emails.csv", type: "application/vnd.ms-excel", error: "0", size: "4362", referer: "http://new.agstrad.loc/orders/order_view/?id=24701"
2015-08-14 13:35:27 - name: "July 27 - 31 2015 (2).xlsx", type: "application/vnd.openxmlformats-officedocument.spreadsheetml.sheet", error: "0", size: "14966", referer: "http://new.agstrad.loc/orders/order_view/?id=24703"
2015-08-14 16:40:12 - name: "content.csv", type: "application/vnd.ms-excel", error: "0", size: "530", referer: "http://new.agstrad.loc/orders/order_view/?id=24703"
2015-08-14 16:41:45 - name: "July 27 - 31 2015 (2).xlsx", type: "application/vnd.openxmlformats-officedocument.spreadsheetml.sheet", error: "0", size: "14966", referer: "http://new.agstrad.loc/orders/order_view/?id=24703"
2015-08-17 11:45:58 - name: "content.csv", type: "application/vnd.ms-excel", error: "0", size: "530", referer: "http://new.agstrad.loc/orders/order_view/?id=24703"
2015-08-17 11:47:15 - name: "content.csv", type: "application/vnd.ms-excel", error: "0", size: "530", referer: "http://new.agstrad.loc/orders/order_view/?id=24703"
2015-08-17 12:15:16 - name: "content.csv", type: "application/vnd.ms-excel", error: "0", size: "530", referer: "http://new.agstrad.loc/orders/order_view/?id=24703"
2015-08-17 15:03:03 - name: "content.csv", type: "application/vnd.ms-excel", error: "0", size: "530", referer: "http://new.agstrad.loc/orders/order_view/?id=24703"
2015-08-17 15:03:24 - name: "content.csv", type: "application/vnd.ms-excel", error: "0", size: "530", referer: "http://new.agstrad.loc/orders/order_view/?id=24703"
2015-08-17 15:05:02 - name: "July 27 - 31 2015 (2).xlsx", type: "application/vnd.openxmlformats-officedocument.spreadsheetml.sheet", error: "0", size: "14966", referer: "http://new.agstrad.loc/orders/order_view/?id=24703"
2015-08-17 15:34:31 - name: "July 27 - 31 2015 (2).xlsx", type: "application/vnd.openxmlformats-officedocument.spreadsheetml.sheet", error: "0", size: "14966", referer: "http://new.agstrad.loc/orders/order_view/?id=24703"
2015-08-17 15:35:51 - name: "July 27 - 31 2015 (2).xlsx", type: "application/vnd.openxmlformats-officedocument.spreadsheetml.sheet", error: "0", size: "14966", referer: "http://new.agstrad.loc/orders/order_view/?id=24703"
2015-08-17 15:37:19 - name: "July 27 - 31 2015 (2).xlsx", type: "application/vnd.openxmlformats-officedocument.spreadsheetml.sheet", error: "0", size: "14966", referer: "http://new.agstrad.loc/orders/order_view/?id=24703"
2015-08-17 15:38:37 - name: "July 27 - 31 2015 (2).xlsx", type: "application/vnd.openxmlformats-officedocument.spreadsheetml.sheet", error: "0", size: "14966", referer: "http://new.agstrad.loc/orders/order_view/?id=24703"
2015-08-17 15:40:40 - name: "content.csv", type: "application/vnd.ms-excel", error: "0", size: "530", referer: "http://new.agstrad.loc/orders/order_view/?id=24703"
2015-08-17 16:04:20 - name: "content.csv", type: "application/vnd.ms-excel", error: "0", size: "530", referer: "http://new.agstrad.loc/orders/order_view/?id=24703"
2015-08-17 16:05:11 - name: "content.csv", type: "application/vnd.ms-excel", error: "0", size: "530", referer: "http://new.agstrad.loc/orders/order_view/?id=24703"
2015-08-17 16:07:24 - name: "content.csv", type: "application/vnd.ms-excel", error: "0", size: "530", referer: "http://new.agstrad.loc/orders/order_view/?id=24703"
2015-08-17 16:08:40 - name: "content.csv", type: "application/vnd.ms-excel", error: "0", size: "530", referer: "http://new.agstrad.loc/orders/order_view/?id=24703"
2015-08-17 16:10:46 - name: "content.csv", type: "application/vnd.ms-excel", error: "0", size: "530", referer: "http://new.agstrad.loc/orders/order_view/?id=24703"
2015-08-17 16:11:35 - name: "content.csv", type: "application/vnd.ms-excel", error: "0", size: "530", referer: "http://new.agstrad.loc/orders/order_view/?id=24703"
2015-08-17 16:50:33 - name: "content.csv", type: "application/vnd.ms-excel", error: "0", size: "530", referer: "http://new.agstrad.loc/orders/order_view/?id=24702"
2015-08-17 16:50:40 - name: "content.csv", type: "application/vnd.ms-excel", error: "0", size: "530", referer: "http://new.agstrad.loc/orders/order_view/?id=24702"
2015-08-17 16:53:07 - name: "content.csv", type: "application/vnd.ms-excel", error: "0", size: "530", referer: "http://new.agstrad.loc/orders/order_view/?id=24702"
2015-08-17 17:00:04 - name: "content.csv", type: "application/vnd.ms-excel", error: "0", size: "530", referer: "http://new.agstrad.loc/orders/order_view/?id=24702"
2015-08-17 18:11:39 - name: "July 27 - 31 2015 (2).xlsx", type: "application/vnd.openxmlformats-officedocument.spreadsheetml.sheet", error: "0", size: "14966", referer: "http://new.agstrad.loc/orders/order_view/?id=24703"
2015-08-17 18:11:48 - name: "July 27 - 31 2015 (2).xlsx", type: "application/vnd.openxmlformats-officedocument.spreadsheetml.sheet", error: "0", size: "14966", referer: "http://new.agstrad.loc/orders/order_view/?id=24703"
2015-08-17 18:12:04 - name: "July 27 - 31 2015 (2).xlsx", type: "application/vnd.openxmlformats-officedocument.spreadsheetml.sheet", error: "0", size: "14966", referer: "http://new.agstrad.loc/orders/order_view/?id=24703"
2015-08-17 18:12:42 - name: "content.csv", type: "application/vnd.ms-excel", error: "0", size: "530", referer: "http://new.agstrad.loc/orders/order_view/?id=24703"
2015-08-17 18:13:11 - name: "July 27 - 31 2015 (2).xlsx", type: "application/vnd.openxmlformats-officedocument.spreadsheetml.sheet", error: "0", size: "14966", referer: "http://new.agstrad.loc/orders/order_view/?id=24703"
2015-08-17 18:14:51 - name: "July 27 - 31 2015 (2).xlsx", type: "application/vnd.openxmlformats-officedocument.spreadsheetml.sheet", error: "0", size: "14966", referer: "http://new.agstrad.loc/orders/order_view/?id=24703"
2015-08-17 18:17:21 - name: "content.csv", type: "application/vnd.ms-excel", error: "0", size: "530", referer: "http://new.agstrad.loc/orders/order_view/?id=24703"
2015-08-17 18:17:33 - name: "content.csv", type: "application/vnd.ms-excel", error: "0", size: "530", referer: "http://new.agstrad.loc/orders/order_view/?id=24703"
2015-08-17 18:19:37 - name: "July 27 - 31 2015 (2).xlsx", type: "application/vnd.openxmlformats-officedocument.spreadsheetml.sheet", error: "0", size: "14966", referer: "http://new.agstrad.loc/orders/order_view/?id=24703"
2015-08-17 18:19:59 - name: "Идиоты.png", type: "image/png", error: "0", size: "165504", referer: "http://new.agstrad.loc/orders/order_view/?id=24703"
2015-08-17 18:20:22 - name: "2015-08-13_cupidon.png", type: "image/png", error: "0", size: "80245", referer: "http://new.agstrad.loc/orders/order_view/?id=24703"
2015-08-17 18:38:24 - name: "купидон.png", type: "image/png", error: "0", size: "123699", referer: "http://new.agstrad.loc/orders/order_view/?id=24703"
2015-08-18 14:35:09 - name: "image-16-07-15-16_07-12.jpeg", type: "image/jpeg", error: "0", size: "1326059", referer: "http://new.agstrad.loc/orders/order_view/?id=24703"
2015-08-18 14:49:46 - name: "image-16-07-15-16_07.jpeg", type: "image/jpeg", error: "0", size: "1587982", referer: "http://new.agstrad.loc/orders/order_view/?id=24703"
2015-08-18 16:46:05 - name: "image-16-07-15-16_07.jpeg", type: "image/jpeg", error: "0", size: "1587982", referer: "http://new.agstrad.loc/orders/order_view/?id=24703"
2015-08-18 16:46:48 - name: "image-16-07-15-16_07.jpeg", type: "image/jpeg", error: "0", size: "1587982", referer: "http://new.agstrad.loc/orders/order_view/?id=24703"
2015-08-18 17:03:30 - name: "big_image_37.jpg", type: "image/jpeg", error: "0", size: "32011", referer: "http://new.agstrad.loc/orders/order_view/?id=24703"
2015-08-18 17:11:51 - name: "image-16-07-15-16_07.jpeg", type: "image/jpeg", error: "0", size: "1587982", referer: "http://new.agstrad.loc/orders/order_view/?id=24703"
2015-08-18 17:14:08 - name: "image-16-07-15-16_07.jpeg", type: "image/jpeg", error: "0", size: "1587982", referer: "http://new.agstrad.loc/orders/order_view/?id=24703"
2015-08-18 17:23:22 - name: "image-16-07-15-16_07.jpeg", type: "image/jpeg", error: "0", size: "1587982", referer: "http://new.agstrad.loc/orders/order_view/?id=24703"
2015-08-18 17:23:57 - name: "image-16-07-15-16_07.jpeg", type: "image/jpeg", error: "0", size: "1587982", referer: "http://new.agstrad.loc/orders/order_view/?id=24703"
2015-08-18 17:26:06 - name: "image-16-07-15-16_07.jpeg", type: "image/jpeg", error: "0", size: "1587982", referer: "http://new.agstrad.loc/orders/order_view/?id=24703"
2015-08-18 17:31:03 - name: "image-16-07-15-16_07.jpeg", type: "image/jpeg", error: "0", size: "1587982", referer: "http://new.agstrad.loc/orders/order_view/?id=24703"
2015-08-18 17:33:44 - name: "image-16-07-15-16_07.jpeg", type: "image/jpeg", error: "0", size: "1587982", referer: "http://new.agstrad.loc/orders/order_view/?id=24703"
2015-08-19 16:02:18 - name: "image-16-07-15-16_07.jpeg", type: "image/jpeg", error: "0", size: "1587982", referer: "http://new.agstrad.loc/orders/order_view/?id=24703"
2015-08-19 16:07:42 - name: "image-16-07-15-16_07_2.jpeg", type: "image/jpeg", error: "0", size: "1587982", referer: "http://new.agstrad.loc/orders/order_view/?id=24703"
2015-08-19 16:14:14 - name: "image-16-07-15-16_07_3.jpeg", type: "image/jpeg", error: "0", size: "1587982", referer: "http://new.agstrad.loc/orders/order_view/?id=24703"
2015-08-19 16:15:05 - name: "image-16-07-15-16_07.jpeg", type: "image/jpeg", error: "0", size: "1587982", referer: "http://new.agstrad.loc/orders/order_view/?id=24703"
2015-08-19 16:15:16 - name: "image-16-07-15-16_07_4.jpeg", type: "image/jpeg", error: "0", size: "1587982", referer: "http://new.agstrad.loc/orders/order_view/?id=24703"
2015-08-19 16:17:41 - name: "image-16-07-15-16_07.jpeg", type: "image/jpeg", error: "0", size: "1587982", referer: "http://new.agstrad.loc/orders/order_view/?id=24703"
2015-08-19 16:19:49 - name: "image-16-07-15-16_07_2.jpeg", type: "image/jpeg", error: "0", size: "1587982", referer: "http://new.agstrad.loc/orders/order_view/?id=24703"
2015-08-19 16:20:10 - name: "image-16-07-15-16_07_2.jpeg", type: "image/jpeg", error: "0", size: "1587982", referer: "http://new.agstrad.loc/orders/order_view/?id=24703"
2015-08-19 16:22:20 - name: "image-16-07-15-16_07_3.jpeg", type: "image/jpeg", error: "0", size: "1587982", referer: "http://new.agstrad.loc/orders/order_view/?id=24703"
2015-08-19 16:22:37 - name: "image-16-07-15-16_07.jpeg", type: "image/jpeg", error: "0", size: "1587982", referer: "http://new.agstrad.loc/orders/order_view/?id=24703"
2015-08-19 16:28:10 - name: "image-16-07-15-16_07_4.jpeg", type: "image/jpeg", error: "0", size: "1587982", referer: "http://new.agstrad.loc/orders/order_view/?id=24703"
2015-08-19 16:29:33 - name: "image-16-07-15-16_07_5.jpeg", type: "image/jpeg", error: "0", size: "1587982", referer: "http://new.agstrad.loc/orders/order_view/?id=24703"
2015-08-19 16:29:50 - name: "image-16-07-15-16_07_6.jpeg", type: "image/jpeg", error: "0", size: "1587982", referer: "http://new.agstrad.loc/orders/order_view/?id=24703"
2015-08-19 16:34:12 - name: "image-16-07-15-16_07_2.jpeg", type: "image/jpeg", error: "0", size: "1587982", referer: "http://new.agstrad.loc/orders/order_view/?id=24703"
2015-08-19 16:34:27 - name: "image-16-07-15-16_07.jpeg", type: "image/jpeg", error: "0", size: "1587982", referer: "http://new.agstrad.loc/orders/order_view/?id=24703"
2015-08-24 10:13:18 - name: "image-16-07-15-16_07.jpeg", type: "image/jpeg", error: "0", size: "1587982", referer: "http://new.agstrad.loc/orders/order_view/?id=24703"
2015-08-24 10:30:28 - name: "image-16-07-15-16_07.jpeg", type: "image/jpeg", error: "0", size: "1587982", referer: "http://new.agstrad.loc/orders/order_view/?id=24703"
2015-08-24 10:32:36 - name: "image-16-07-15-16_07.jpeg", type: "image/jpeg", error: "0", size: "1587982", referer: "http://new.agstrad.loc/orders/order_view/?id=24703"
2015-08-24 10:45:51 - name: "image-16-07-15-16_07.jpeg", type: "image/jpeg", error: "0", size: "1587982", referer: "http://new.agstrad.loc/orders/order_view/?id=24703"
2015-08-24 10:48:14 - name: "image-16-07-15-16_07.jpeg", type: "image/jpeg", error: "0", size: "1587982", referer: "http://new.agstrad.loc/orders/order_view/?id=24703"
2015-08-24 10:49:35 - name: "image-16-07-15-16_07.jpeg", type: "image/jpeg", error: "0", size: "1587982", referer: "http://new.agstrad.loc/orders/order_view/?id=24703"
2015-08-24 10:49:57 - name: "image-16-07-15-16_07-1.jpeg", type: "image/jpeg", error: "0", size: "1902003", referer: "http://new.agstrad.loc/orders/order_view/?id=24703"
2015-08-24 10:50:16 - name: "image-16-07-15-16_07.jpeg", type: "image/jpeg", error: "0", size: "1587982", referer: "http://new.agstrad.loc/orders/order_view/?id=24703"
2015-08-24 10:58:53 - name: "image-16-07-15-16_07.jpeg", type: "image/jpeg", error: "0", size: "1587982", referer: "http://new.agstrad.loc/orders/order_view/?id=24703"
2015-08-24 11:00:28 - name: "image-16-07-15-16_07.jpeg", type: "image/jpeg", error: "0", size: "1587982", referer: "http://new.agstrad.loc/orders/order_view/?id=24703"
2015-08-24 11:39:48 - name: "image-16-07-15-16_07_2.jpeg", type: "image/jpeg", error: "0", size: "1587982", referer: "http://new.agstrad.loc/orders/order_view/?id=24703"
2015-08-24 11:40:09 - name: "image-16-07-15-16_07.jpeg", type: "image/jpeg", error: "0", size: "1587982", referer: "http://new.agstrad.loc/orders/order_view/?id=24703"
2015-08-24 11:40:26 - name: "image-16-07-15-16_07-1.jpeg", type: "image/jpeg", error: "0", size: "1902003", referer: "http://new.agstrad.loc/orders/order_view/?id=24703"
2015-08-24 11:44:21 - name: "image-16-07-15-16_07-12.jpeg", type: "image/jpeg", error: "0", size: "1326059", referer: "http://new.agstrad.loc/orders/order_view/?id=24703"
2015-08-24 16:39:09 - name: "content.csv", type: "application/vnd.ms-excel", error: "0", size: "530", referer: "http://new.agstrad.loc/orders/order_view/?id=24703"
2015-08-24 16:56:58 - name: "elements.csv", type: "application/vnd.ms-excel", error: "0", size: "194762", referer: "http://new.agstrad.loc/orders/order_view/?id=24703"
2015-08-24 17:00:18 - name: "elements.csv", type: "application/vnd.ms-excel", error: "0", size: "194762", referer: "http://new.agstrad.loc/orders/order_view/?id=24703"
2015-08-24 17:05:46 - name: "content.csv", type: "application/vnd.ms-excel", error: "0", size: "530", referer: "http://new.agstrad.loc/orders/order_view/?id=24703"
2015-08-24 17:05:56 - name: "content.csv", type: "application/vnd.ms-excel", error: "0", size: "530", referer: "http://new.agstrad.loc/orders/order_view/?id=24703"
2015-08-25 12:24:16 - name: "elements.csv", type: "application/vnd.ms-excel", error: "0", size: "194762", referer: "http://new.agstrad.loc/orders/order_view/?id=24703"
2015-08-25 12:24:31 - name: "elements.csv", type: "application/vnd.ms-excel", error: "0", size: "194762", referer: "http://new.agstrad.loc/orders/order_view/?id=24703"
2015-08-25 12:24:50 - name: "elements.csv", type: "application/vnd.ms-excel", error: "0", size: "194762", referer: "http://new.agstrad.loc/orders/order_view/?id=24703"
2015-08-25 12:27:55 - name: "elements.csv", type: "application/vnd.ms-excel", error: "0", size: "194762", referer: "http://new.agstrad.loc/orders/order_view/?id=24703"
2015-08-25 12:30:08 - name: "elements.csv", type: "application/vnd.ms-excel", error: "0", size: "194762", referer: "http://new.agstrad.loc/orders/order_view/?id=24703"
2015-08-25 12:32:01 - name: "content.csv", type: "application/vnd.ms-excel", error: "0", size: "530", referer: "http://new.agstrad.loc/orders/order_view/?id=24703"
2015-08-25 12:32:22 - name: "content.csv", type: "application/vnd.ms-excel", error: "0", size: "530", referer: "http://new.agstrad.loc/orders/order_view/?id=24703"
2015-08-25 14:11:52 - name: "content.csv", type: "application/vnd.ms-excel", error: "0", size: "530", referer: "http://new.agstrad.loc/orders/order_view/?id=24703"
2015-08-25 14:12:19 - name: "content.csv", type: "application/vnd.ms-excel", error: "0", size: "530", referer: "http://new.agstrad.loc/orders/order_view/?id=24703"
2015-08-26 10:33:30 - name: "content.csv", type: "application/vnd.ms-excel", error: "0", size: "530", referer: "http://new.agstrad.loc/orders/order_view/?id=24703"
2015-08-26 10:33:44 - name: "big_image_12.jpg", type: "image/jpeg", error: "0", size: "34173", referer: "http://new.agstrad.loc/orders/order_view/?id=24703"
2015-08-26 10:40:43 - name: "big_image_12.jpg", type: "image/jpeg", error: "0", size: "34173", referer: "http://new.agstrad.loc/orders/order_view/?id=24703"
2015-08-26 12:18:23 - name: "big_image_12.jpg", type: "image/jpeg", error: "0", size: "34173", referer: "http://new.agstrad.loc/orders/order_view/?id=24703"
2015-08-26 12:24:22 - name: "big_image_12.jpg", type: "image/jpeg", error: "0", size: "34173", referer: "http://new.agstrad.loc/orders/order_view/?id=24703"
2015-08-26 12:43:16 - name: "big_image_12.jpg", type: "image/jpeg", error: "0", size: "34173", referer: "http://new.agstrad.loc/orders/order_view/?id=24703"
2015-08-26 12:43:39 - name: "big_image_12.jpg", type: "image/jpeg", error: "0", size: "34173", referer: "http://new.agstrad.loc/orders/order_view/?id=24703"
2015-08-26 12:49:10 - name: "acts.sql", type: "application/octet-stream", error: "0", size: "337405", referer: "http://new.agstrad.loc/orders/order_view/?id=24703"
2015-08-26 12:49:24 - name: "acts.sql", type: "application/octet-stream", error: "0", size: "337405", referer: "http://new.agstrad.loc/orders/order_view/?id=24703"
2015-08-26 12:56:14 - name: "acts.sql", type: "application/octet-stream", error: "0", size: "337405", referer: "http://new.agstrad.loc/orders/order_view/?id=24703"
2015-08-26 12:56:26 - name: "acts.sql", type: "application/octet-stream", error: "0", size: "337405", referer: "http://new.agstrad.loc/orders/order_view/?id=24703"
2015-08-26 12:56:51 - name: "content.csv", type: "application/vnd.ms-excel", error: "0", size: "530", referer: "http://new.agstrad.loc/orders/order_view/?id=24703"
2015-08-26 13:02:29 - name: "acts.sql", type: "application/octet-stream", error: "0", size: "337405", referer: "http://new.agstrad.loc/orders/order_view/?id=24703"
2015-08-26 13:04:09 - name: "acts.sql", type: "application/octet-stream", error: "0", size: "337405", referer: "http://new.agstrad.loc/orders/order_view/?id=24703"
2015-08-26 13:05:40 - name: "acts.sql", type: "application/octet-stream", error: "0", size: "337405", referer: "http://new.agstrad.loc/orders/order_view/?id=24703"
2015-08-26 13:06:41 - name: "acts.sql", type: "application/octet-stream", error: "0", size: "337405", referer: "http://new.agstrad.loc/orders/order_view/?id=24703"
2015-08-26 13:07:18 - name: "acts.sql", type: "application/octet-stream", error: "0", size: "337405", referer: "http://new.agstrad.loc/orders/order_view/?id=24703"
2015-08-26 13:08:43 - name: "acts.sql", type: "application/octet-stream", error: "0", size: "337405", referer: "http://new.agstrad.loc/orders/order_view/?id=24703"
2015-08-26 13:11:41 - name: "acts.sql", type: "application/octet-stream", error: "0", size: "337405", referer: "http://new.agstrad.loc/orders/order_view/?id=24703"
2015-08-26 14:08:39 - name: "acts.sql", type: "application/octet-stream", error: "0", size: "337405", referer: "http://new.agstrad.loc/orders/order_view/?id=24703"
2015-08-26 14:25:36 - name: "acts.sql", type: "application/octet-stream", error: "0", size: "337405", referer: "http://new.agstrad.loc/orders/order_view/?id=24703"
2015-08-26 14:27:35 - name: "acts_2.sql", type: "application/octet-stream", error: "0", size: "337405", referer: "http://new.agstrad.loc/orders/order_view/?id=24703"
2015-08-26 14:37:26 - name: "acts_3.sql", type: "application/octet-stream", error: "0", size: "337405", referer: "http://new.agstrad.loc/orders/order_view/?id=24703"
2015-08-26 14:37:57 - name: "acts.sql", type: "application/octet-stream", error: "0", size: "337405", referer: "http://new.agstrad.loc/orders/order_view/?id=24703"
2015-08-26 14:46:49 - name: "acts_4.sql", type: "application/octet-stream", error: "0", size: "337405", referer: "http://new.agstrad.loc/orders/order_view/?id=24703"
2015-08-26 14:47:34 - name: "acts.sql", type: "application/octet-stream", error: "0", size: "337405", referer: "http://new.agstrad.loc/orders/order_view/?id=24703"
2015-08-26 16:21:42 - name: "big_image_37.jpg", type: "image/jpeg", error: "0", size: "32011", referer: "http://new.agstrad.loc/orders/order_view/?id=24703"
2015-08-26 16:25:43 - name: "big_image_37_2.jpg", type: "image/jpeg", error: "0", size: "32011", referer: "http://new.agstrad.loc/orders/order_view/?id=24703"
2015-08-26 16:28:27 - name: "big_image_37.jpg", type: "image/jpeg", error: "0", size: "32011", referer: "http://new.agstrad.loc/orders/order_view/?id=24703"
2015-08-26 16:29:06 - name: "big_image_37_3.jpg", type: "image/jpeg", error: "0", size: "32011", referer: "http://new.agstrad.loc/orders/order_view/?id=24703"
2015-08-26 16:30:21 - name: "acts.sql", type: "application/octet-stream", error: "0", size: "337405", referer: "http://new.agstrad.loc/orders/order_view/?id=24703"
2015-08-26 16:30:37 - name: "big_image_37_4.jpg", type: "image/jpeg", error: "0", size: "32011", referer: "http://new.agstrad.loc/orders/order_view/?id=24703"
2015-08-26 17:08:30 - name: "acts_2.sql", type: "application/octet-stream", error: "0", size: "337405", referer: "http://new.agstrad.loc/orders/order_view/?id=24703"
2015-08-26 17:08:39 - name: "acts_2.sql", type: "application/octet-stream", error: "0", size: "337405", referer: "http://new.agstrad.loc/orders/order_view/?id=24703"
2015-08-26 17:08:56 - name: "acts_3.sql", type: "application/octet-stream", error: "0", size: "337405", referer: "http://new.agstrad.loc/orders/order_view/?id=24703"
2015-08-26 17:19:51 - name: "2015-08-13_cupidon.png", type: "image/png", error: "0", size: "80245", referer: "http://new.agstrad.loc/orders/order_view/?id=24703"
2015-08-26 17:23:42 - name: "acts_4.sql", type: "application/octet-stream", error: "0", size: "337405", referer: "http://new.agstrad.loc/orders/order_view/?id=24703"
2015-08-26 17:36:31 - name: "acts.sql", type: "application/octet-stream", error: "0", size: "337405", referer: "http://new.agstrad.loc/orders/order_view/?id=24703"
2015-08-26 17:36:44 - name: "acts_2.sql", type: "application/octet-stream", error: "0", size: "337405", referer: "http://new.agstrad.loc/orders/order_view/?id=24703"
2015-08-26 17:36:54 - name: "acts_3.sql", type: "application/octet-stream", error: "0", size: "337405", referer: "http://new.agstrad.loc/orders/order_view/?id=24703"
2015-08-26 17:37:06 - name: "acts_4.sql", type: "application/octet-stream", error: "0", size: "337405", referer: "http://new.agstrad.loc/orders/order_view/?id=24703"
2015-08-26 17:37:18 - name: "acts_5.sql", type: "application/octet-stream", error: "0", size: "337405", referer: "http://new.agstrad.loc/orders/order_view/?id=24703"
2015-08-26 17:37:30 - name: "acts_6.sql", type: "application/octet-stream", error: "0", size: "337405", referer: "http://new.agstrad.loc/orders/order_view/?id=24703"
2015-08-27 10:17:17 - name: "acts.sql", type: "application/octet-stream", error: "0", size: "337405", referer: "http://new.agstrad.loc/orders/order_view/?id=24703"
2015-08-27 10:18:07 - name: "acts_2.sql", type: "application/octet-stream", error: "0", size: "337405", referer: "http://new.agstrad.loc/orders/order_view/?id=24703"
2015-08-27 10:18:14 - name: "acts_3.sql", type: "application/octet-stream", error: "0", size: "337405", referer: "http://new.agstrad.loc/orders/order_view/?id=24703"
2015-08-27 10:18:47 - name: "acts_4.sql", type: "application/octet-stream", error: "0", size: "337405", referer: "http://new.agstrad.loc/orders/order_view/?id=24703"
2015-08-27 10:19:22 - name: "acts.sql", type: "application/octet-stream", error: "0", size: "337405", referer: "http://new.agstrad.loc/orders/order_view/?id=24703"
2015-08-27 10:19:39 - name: "acts.sql", type: "application/octet-stream", error: "0", size: "337405", referer: "http://new.agstrad.loc/orders/order_view/?id=24703"
2015-08-27 14:58:42 - success: "1", name: "acts.sql", type: "application/octet-stream", error: "", size: "337405", referer: "http://new.agstrad.loc/clients/client_view/?id=3856"
2015-08-27 14:58:51 - success: "1", name: "acts.sql", type: "application/octet-stream", error: "", size: "337405", referer: "http://new.agstrad.loc/clients/client_view/?id=3856"
2015-08-27 14:59:09 - success: "1", name: "acts.sql", type: "application/octet-stream", error: "", size: "337405", referer: "http://new.agstrad.loc/clients/client_view/?id=3856"
2015-08-27 15:11:11 - success: "1", name: "acts.sql", type: "application/octet-stream", error: "", size: "337405", referer: "http://new.agstrad.loc/clients/client_view/?id=3856"
2015-08-27 15:13:00 - success: "1", name: "acts.sql", type: "application/octet-stream", error: "", size: "337405", referer: "http://new.agstrad.loc/clients/client_view/?id=3856"
2015-08-27 15:13:21 - success: "1", name: "acts.sql", type: "application/octet-stream", error: "", size: "337405", referer: "http://new.agstrad.loc/clients/client_view/?id=3856"
2015-08-27 15:40:44 - success: "1", name: "acts.sql", type: "application/octet-stream", error: "", size: "337405", referer: "http://new.agstrad.loc/clients/client_view/?id=3856"
2015-08-27 15:48:21 - success: "1", name: "acts.sql", type: "application/octet-stream", error: "", size: "337405", referer: "http://new.agstrad.loc/clients/client_view/?id=3856"
2015-08-27 15:49:27 - success: "1", name: "acts_2.sql", type: "application/octet-stream", error: "", size: "337405", referer: "http://new.agstrad.loc/clients/client_view/?id=3856"
2015-08-27 15:49:52 - success: "1", name: "acts.sql", type: "application/octet-stream", error: "", size: "337405", referer: "http://new.agstrad.loc/clients/client_view/?id=3856"
2015-08-27 16:35:26 - success: "1", name: "acts.sql", type: "application/octet-stream", error: "", size: "337405", referer: "http://new.agstrad.loc/clients/client_view/?id=3856"
2015-08-27 16:53:49 - success: "1", name: "acts.sql", type: "application/octet-stream", error: "", size: "337405", referer: "http://new.agstrad.loc/clients/client_view/?id=3856"
2015-08-27 16:57:04 - success: "1", name: "acts.sql", type: "application/octet-stream", error: "", size: "337405", referer: "http://new.agstrad.loc/clients/client_view/?id=3856"
2015-08-27 16:57:29 - success: "1", name: "acts_3.sql", type: "application/octet-stream", error: "", size: "337405", referer: "http://new.agstrad.loc/clients/client_view/?id=3856"
2015-08-27 17:13:09 - success: "1", name: "acts_4.sql", type: "application/octet-stream", error: "", size: "337405", referer: "http://new.agstrad.loc/clients/client_view/?id=3856"
2015-08-27 17:33:10 - success: "1", name: "acts.sql", type: "application/octet-stream", error: "", size: "337405", referer: "http://new.agstrad.loc/clients/client_view/?id=3856"
2015-08-27 17:34:46 - success: "1", name: "acts.sql", type: "application/octet-stream", error: "", size: "337405", referer: "http://new.agstrad.loc/clients/client_view/?id=3856"
2015-08-27 17:43:14 - success: "1", name: "acts.sql", type: "application/octet-stream", error: "", size: "337405", referer: "http://new.agstrad.loc/clients/client_view/?id=3856"
2015-08-27 17:44:16 - success: "1", name: "acts.sql", type: "application/octet-stream", error: "", size: "337405", referer: "http://new.agstrad.loc/clients/client_view/?id=3856"
2015-08-27 17:46:03 - success: "1", name: "acts.sql", type: "application/octet-stream", error: "", size: "337405", referer: "http://new.agstrad.loc/clients/client_view/?id=3856"
2015-08-27 17:48:02 - success: "1", name: "acts.sql", type: "application/octet-stream", error: "", size: "337405", referer: "http://new.agstrad.loc/clients/client_view/?id=3856"
2015-08-27 17:48:11 - success: "1", name: "acts.sql", type: "application/octet-stream", error: "", size: "337405", referer: "http://new.agstrad.loc/clients/client_view/?id=3856"
2015-08-28 12:43:56 - name: "acts.sql", type: "application/octet-stream", error: "0", size: "337405", referer: "http://new.agstrad.loc/orders/order_view/?id=24703"
2015-08-28 12:44:23 - name: "acts.sql", type: "application/octet-stream", error: "0", size: "337405", referer: "http://new.agstrad.loc/orders/order_view/?id=24703"
2015-08-28 12:55:51 - name: "acts.sql", type: "application/octet-stream", error: "0", size: "337405", referer: "http://new.agstrad.loc/orders/order_view/?id=24703"
2015-08-28 12:56:02 - name: "acts.sql", type: "application/octet-stream", error: "0", size: "337405", referer: "http://new.agstrad.loc/orders/order_view/?id=24703"
2015-08-28 13:09:29 - name: "acts.sql", type: "application/octet-stream", error: "0", size: "337405", referer: "http://new.agstrad.loc/orders/order_view/?id=24703"
2015-08-28 13:10:07 - name: "acts_4.sql", type: "application/octet-stream", error: "0", size: "337405", referer: "http://new.agstrad.loc/orders/order_view/?id=24703"
2015-08-28 13:12:44 - name: "acts.sql", type: "application/octet-stream", error: "0", size: "337405", referer: "http://new.agstrad.loc/orders/order_view/?id=24703"
2015-08-28 14:30:35 - success: "1", name: "acts.sql", type: "application/octet-stream", error: "", size: "337405", referer: "http://new.agstrad.loc/clients/client_view/?id=3858"
2015-08-28 14:30:44 - success: "1", name: "acts.sql", type: "application/octet-stream", error: "", size: "337405", referer: "http://new.agstrad.loc/clients/client_view/?id=3858"
2015-08-28 14:32:00 - success: "1", name: "acts.sql", type: "application/octet-stream", error: "", size: "337405", referer: "http://new.agstrad.loc/clients/client_view/?id=3858"
2015-08-28 14:53:34 - success: "1", name: "acts.sql", type: "application/octet-stream", error: "", size: "337405", referer: "http://new.agstrad.loc/clients/client_view/?id=3858"
2015-08-28 14:54:45 - success: "1", name: "acts.sql", type: "application/octet-stream", error: "", size: "337405", referer: "http://new.agstrad.loc/clients/client_view/?id=3858"
2015-08-28 15:16:47 - success: "1", name: "acts.sql", type: "application/octet-stream", error: "", size: "337405", referer: "http://new.agstrad.loc/clients/client_view/?id=3858"
2015-08-28 15:18:21 - success: "1", name: "acts.sql", type: "application/octet-stream", error: "", size: "337405", referer: "http://new.agstrad.loc/clients/client_view/?id=3858"
2015-08-28 15:22:57 - success: "1", name: "acts.sql", type: "application/octet-stream", error: "", size: "337405", referer: "http://new.agstrad.loc/clients/client_view/?id=3858"
2015-08-28 15:24:37 - success: "1", name: "acts.sql", type: "application/octet-stream", error: "", size: "337405", referer: "http://new.agstrad.loc/clients/client_view/?id=3858"
2015-08-28 15:59:45 - success: "1", name: "acts.sql", type: "application/octet-stream", error: "", size: "337405", referer: "http://new.agstrad.loc/translators/translator_view/?id=22"
2015-09-14 15:25:00 - success: "1", name: "import.sql", type: "application/octet-stream", error: "", size: "1355", referer: "http://new.agstrad.loc/clients/client_view/?id=3869"
2015-09-14 15:25:16 - success: "1", name: "import.sql", type: "application/octet-stream", error: "", size: "1355", referer: "http://new.agstrad.loc/clients/client_view/?id=3869"
2015-09-14 15:31:43 - success: "1", name: "import.sql", type: "application/octet-stream", error: "", size: "1355", referer: "http://new.agstrad.loc/clients/client_view/?id=3869"
2015-09-15 10:04:54 - name: "import.sql", type: "application/octet-stream", error: "0", size: "1355", referer: "http://new.agstrad.loc/orders/order_view/?id=24703"
2015-09-15 10:10:33 - name: "import_2.sql", type: "application/octet-stream", error: "0", size: "1355", referer: "http://new.agstrad.loc/orders/order_view/?id=24703"
2015-09-15 10:10:44 - name: "import.sql", type: "application/octet-stream", error: "0", size: "1355", referer: "http://new.agstrad.loc/orders/order_view/?id=24703"
2015-09-15 10:11:38 - name: "import.sql", type: "application/octet-stream", error: "0", size: "1355", referer: "http://new.agstrad.loc/orders/order_view/?id=24703"
2015-09-15 10:11:44 - name: "import.sql", type: "application/octet-stream", error: "0", size: "1355", referer: "http://new.agstrad.loc/orders/order_view/?id=24703"
2015-09-15 10:11:53 - name: "import.sql", type: "application/octet-stream", error: "0", size: "1355", referer: "http://new.agstrad.loc/orders/order_view/?id=24703"
2015-09-15 12:10:55 - name: "import.sql", type: "application/octet-stream", error: "0", size: "1355", referer: "http://new.agstrad.loc/orders/order_view/?id=24703"
2015-09-15 12:18:31 - name: "import.sql", type: "application/octet-stream", error: "0", size: "1355", referer: "http://new.agstrad.loc/orders/order_view/?id=24703"
2015-09-15 12:32:29 - name: "import.sql", type: "application/octet-stream", error: "0", size: "1355", referer: "http://new.agstrad.loc/orders/order_view/?id=24703"
2015-09-15 12:34:31 - name: "import.sql", type: "application/octet-stream", error: "0", size: "1355", referer: "http://new.agstrad.loc/orders/order_view/?id=24703"
2015-09-15 12:34:40 - name: "import.sql", type: "application/octet-stream", error: "0", size: "1355", referer: "http://new.agstrad.loc/orders/order_view/?id=24703"
2015-09-15 12:35:37 - name: "import.sql", type: "application/octet-stream", error: "0", size: "1355", referer: "http://new.agstrad.loc/orders/order_view/?id=24703"
2015-09-15 14:38:49 - name: "import.sql", type: "application/octet-stream", error: "0", size: "1355", referer: "http://new.agstrad.loc/orders/order_view/?id=24703"
2015-09-15 14:41:59 - name: "import_2.sql", type: "application/octet-stream", error: "0", size: "1355", referer: "http://new.agstrad.loc/orders/order_view/?id=24703"
2015-09-15 15:44:15 - success: "1", name: "import.sql", type: "application/octet-stream", error: "", size: "1355", referer: "http://new.agstrad.loc/clients/client_view/?id=3869"
2015-09-15 15:47:04 - success: "1", name: "import.sql", type: "application/octet-stream", error: "", size: "1355", referer: "http://new.agstrad.loc/clients/client_view/?id=3869"
2015-09-15 15:47:44 - success: "1", name: "import.sql", type: "application/octet-stream", error: "", size: "1355", referer: "http://new.agstrad.loc/clients/client_view/?id=3869"
2015-09-15 16:01:13 - success: "1", name: "import.sql", type: "application/octet-stream", error: "", size: "1355", referer: "http://new.agstrad.loc/translators/translator_view/?id=22"
2015-09-15 16:01:34 - success: "1", name: "import.sql", type: "application/octet-stream", error: "", size: "1355", referer: "http://new.agstrad.loc/translators/translator_view/?id=22"
2015-09-15 16:01:53 - success: "1", name: "import.sql", type: "application/octet-stream", error: "", size: "1355", referer: "http://new.agstrad.loc/translators/translator_view/?id=22"
2015-09-15 16:39:09 - success: "1", name: "import.sql", type: "application/octet-stream", error: "", size: "1355", referer: "http://new.agstrad.loc/translators/translator_view/?id=22"
2015-09-16 11:58:00 - success: "1", name: "import.sql", type: "application/octet-stream", error: "", size: "1355", referer: "http://new.agstrad.loc/translators/translator_view/?id=22"
2015-09-16 11:59:39 - success: "1", name: "import.sql", type: "application/octet-stream", error: "", size: "1355", referer: "http://new.agstrad.loc/translators/translator_view/?id=22"
2015-09-16 12:00:07 - success: "1", name: "import.sql", type: "application/octet-stream", error: "", size: "1355", referer: "http://new.agstrad.loc/translators/translator_view/?id=22"
2015-09-16 12:09:05 - success: "1", name: "import.sql", type: "application/octet-stream", error: "", size: "1355", referer: "http://new.agstrad.loc/translators/translator_view/?id=22"
2015-09-16 12:09:38 - success: "1", name: "import.sql", type: "application/octet-stream", error: "", size: "1355", referer: "http://new.agstrad.loc/translators/translator_view/?id=22"
2015-09-16 12:13:43 - success: "1", name: "import_2.sql", type: "application/octet-stream", error: "", size: "1355", referer: "http://new.agstrad.loc/translators/translator_view/?id=22"
2015-09-16 12:17:05 - success: "1", name: "import_2.sql", type: "application/octet-stream", error: "", size: "1355", referer: "http://new.agstrad.loc/translators/translator_view/?id=22"
2015-09-16 12:18:30 - success: "1", name: "import_2.sql", type: "application/octet-stream", error: "", size: "1355", referer: "http://new.agstrad.loc/translators/translator_view/?id=22"
2015-09-16 12:28:26 - success: "1", name: "import.sql", type: "application/octet-stream", error: "", size: "1355", referer: "http://new.agstrad.loc/translators/translator_view/?id=22"
2015-09-16 12:28:47 - success: "1", name: "import.sql", type: "application/octet-stream", error: "", size: "1355", referer: "http://new.agstrad.loc/translators/translator_view/?id=22"
2015-09-16 12:36:17 - success: "1", name: "import.sql", type: "application/octet-stream", error: "", size: "1355", referer: "http://new.agstrad.loc/translators/add/"
2015-09-16 12:36:40 - success: "1", name: "import.sql", type: "application/octet-stream", error: "", size: "1355", referer: "http://new.agstrad.loc/translators/add/"
2015-09-16 12:37:22 - success: "1", name: "import.sql", type: "application/octet-stream", error: "", size: "1355", referer: "http://new.agstrad.loc/translators/add/"
2015-09-16 12:53:20 - success: "1", name: "import.sql", type: "application/octet-stream", error: "", size: "1355", referer: "http://new.agstrad.loc/translators/add/"
2015-09-16 13:11:58 - success: "1", name: "import.sql", type: "application/octet-stream", error: "", size: "1355", referer: "http://new.agstrad.loc/translators/translator_view/?id=24"
2015-09-16 13:12:15 - success: "1", name: "import_2.sql", type: "application/octet-stream", error: "", size: "1355", referer: "http://new.agstrad.loc/translators/translator_view/?id=24"
2015-09-16 13:13:07 - success: "1", name: "import.sql", type: "application/octet-stream", error: "", size: "1355", referer: "http://new.agstrad.loc/translators/translator_view/?id=24"
2015-09-16 13:13:47 - success: "1", name: "import.sql", type: "application/octet-stream", error: "", size: "1355", referer: "http://new.agstrad.loc/translators/add/"
2015-09-16 13:14:02 - success: "1", name: "import_2.sql", type: "application/octet-stream", error: "", size: "1355", referer: "http://new.agstrad.loc/translators/add/"
2015-09-16 13:14:21 - success: "1", name: "import.sql", type: "application/octet-stream", error: "", size: "1355", referer: "http://new.agstrad.loc/translators/add/"
2015-09-25 14:04:09 - name: "acc.txt", type: "text/plain", error: "0", size: "8", referer: "http://new.agstrad.loc/orders/order_view/?id=24703"
