2015-07-15 10:04:30 - {"success":true,"error":false,"data":{"meta":{"path":"\/ROOT\/HOME\/Commandes\/24703\/AGS","parentPath":"\/ROOT\/HOME\/Commandes\/24703","folderName":"AGS","perms":{"upload":true,"download":"1","alter":true}},"files":false}}
2015-07-15 10:06:54 - {"success":true,"error":false,"data":{"meta":{"path":"\/ROOT\/HOME\/Commandes\/24703\/AGS","parentPath":"\/ROOT\/HOME\/Commandes\/24703","folderName":"AGS","perms":{"upload":true,"download":"1","alter":true}},"files":false}}
2015-07-15 10:08:49 - {"success":true,"error":false,"data":{"meta":{"path":"\/ROOT\/HOME\/Commandes\/24703\/AGS","parentPath":"\/ROOT\/HOME\/Commandes\/24703","folderName":"AGS","perms":{"upload":true,"download":"1","alter":true}},"files":false}}
2015-07-15 10:09:05 - {"success":true,"error":false,"data":{"meta":{"path":"\/ROOT\/HOME\/Commandes\/24703\/AGS","parentPath":"\/ROOT\/HOME\/Commandes\/24703","folderName":"AGS","perms":{"upload":true,"download":"1","alter":true}},"files":false}}
2015-07-15 10:10:19 - {"success":true,"error":false,"data":{"meta":{"path":"\/ROOT\/HOME\/Commandes\/24703\/AGS","parentPath":"\/ROOT\/HOME\/Commandes\/24703","folderName":"AGS","perms":{"upload":true,"download":"1","alter":true}},"files":false}}
2015-07-15 10:11:32 - {"success":true,"error":false,"data":{"meta":{"path":"\/ROOT\/HOME\/Commandes\/24703\/AGS","parentPath":"\/ROOT\/HOME\/Commandes\/24703","folderName":"AGS","perms":{"upload":true,"download":"1","alter":true}},"files":false}}
2015-07-15 10:15:13 - {"success":true,"error":false,"data":{"meta":{"path":"\/ROOT\/HOME\/Commandes\/24703\/AGS","parentPath":"\/ROOT\/HOME\/Commandes\/24703","folderName":"AGS","perms":{"upload":true,"download":"1","alter":true}},"files":false}}
2015-07-15 10:18:52 - {"success":true,"error":false,"data":{"meta":{"path":"\/ROOT\/HOME\/Commandes\/24703\/AGS","parentPath":"\/ROOT\/HOME\/Commandes\/24703","folderName":"AGS","perms":{"upload":true,"download":"1","alter":true}},"files":false}}
2015-07-15 10:20:19 - {"success":true,"error":false,"data":{"meta":{"path":"\/ROOT\/HOME\/Commandes\/24703\/AGS","parentPath":"\/ROOT\/HOME\/Commandes\/24703","folderName":"AGS","perms":{"upload":true,"download":"1","alter":true}},"files":false}}
2015-07-15 10:21:01 - {"success":true,"error":false,"data":{"meta":{"path":"\/ROOT\/HOME\/Commandes\/24703\/AGS","parentPath":"\/ROOT\/HOME\/Commandes\/24703","folderName":"AGS","perms":{"upload":true,"download":"1","alter":true}},"files":[{"filename":"subfolder1","is_dir":true}]}}
2015-07-15 10:23:30 - {"success":true,"error":false,"data":{"meta":{"path":"\/ROOT\/HOME\/Commandes\/24703\/AGS","parentPath":"\/ROOT\/HOME\/Commandes\/24703","folderName":"AGS","perms":{"upload":true,"download":"1","alter":true}},"files":[{"filename":"subfolder1","is_dir":true}]}}
2015-07-15 10:26:33 - {"success":true,"error":false,"data":{"meta":{"path":"\/ROOT\/HOME\/Commandes\/24703\/AGS","parentPath":"\/ROOT\/HOME\/Commandes\/24703","folderName":"AGS","perms":{"upload":true,"download":"1","alter":true}},"files":[{"filename":"subfolder1","is_dir":true}]}}
2015-07-15 10:26:58 - {"success":true,"error":false,"data":{"meta":{"path":"\/ROOT\/HOME\/Commandes\/24703\/AGS","parentPath":"\/ROOT\/HOME\/Commandes\/24703","folderName":"AGS","perms":{"upload":true,"download":"1","alter":true}},"files":[{"filename":"subfolder1","is_dir":true}]}}
2015-07-15 10:27:25 - {"success":true,"error":false,"data":{"meta":{"path":"\/ROOT\/HOME\/Commandes\/24703\/AGS","parentPath":"\/ROOT\/HOME\/Commandes\/24703","folderName":"AGS","perms":{"upload":true,"download":"1","alter":true}},"files":[{"filename":"subfolder1","is_dir":true}]}}
2015-07-15 10:36:02 - {"success":true,"error":false,"data":{"meta":{"path":"\/ROOT\/HOME\/Commandes\/24703\/AGS","parentPath":"\/ROOT\/HOME\/Commandes\/24703","folderName":"AGS","perms":{"upload":true,"download":"1","alter":true}},"files":[{"filename":"Client","is_dir":true},{"filename":"subfolder1","is_dir":true}]}}
2015-07-15 10:37:31 - {"success":true,"error":false,"data":{"meta":{"path":"\/ROOT\/HOME\/Commandes\/24703\/AGS","parentPath":"\/ROOT\/HOME\/Commandes\/24703","folderName":"AGS","perms":{"upload":true,"download":"1","alter":true}},"files":[{"filename":"Client","is_dir":true},{"filename":"subfolder1","is_dir":true}]}}
2015-07-15 10:39:43 - {"success":true,"error":false,"data":{"meta":{"path":"\/ROOT\/HOME\/Commandes\/24703\/AGS","parentPath":"\/ROOT\/HOME\/Commandes\/24703","folderName":"AGS","perms":{"upload":true,"download":"1","alter":true}},"files":[{"filename":"subfolder1","is_dir":true}]}}
2015-07-15 10:42:10 - {"success":true,"error":false,"data":{"meta":{"path":"\/ROOT\/HOME\/Commandes\/24703\/AGS","parentPath":"\/ROOT\/HOME\/Commandes\/24703","folderName":"AGS","perms":{"upload":true,"download":"1","alter":true}},"files":[{"filename":"subfolder1","is_dir":true}]}}
2015-07-15 10:51:19 - {"success":true,"error":false,"data":{"meta":{"path":"\/ROOT\/HOME\/Commandes\/24703\/AGS","parentPath":"\/ROOT\/HOME\/Commandes\/24703","folderName":"AGS","perms":{"upload":true,"download":"1","alter":true}},"files":[{"filename":"subfolder1","is_dir":true}]}}
2015-07-15 10:51:32 - {"success":true,"error":false,"data":{"meta":{"path":"\/ROOT\/HOME\/Commandes\/24703\/AGS","parentPath":"\/ROOT\/HOME\/Commandes\/24703","folderName":"AGS","perms":{"upload":true,"download":"1","alter":true}},"files":[{"filename":"subfolder1","is_dir":true}]}}
2015-07-15 10:51:45 - {"success":true,"error":false,"data":{"meta":{"path":"\/ROOT\/HOME\/Commandes\/24703\/AGS","parentPath":"\/ROOT\/HOME\/Commandes\/24703","folderName":"AGS","perms":{"upload":true,"download":"1","alter":true}},"files":[{"filename":"subfolder1","is_dir":true}]}}
2015-07-15 10:52:00 - {"success":true,"error":false,"data":{"meta":{"path":"\/ROOT\/HOME\/Commandes\/24703\/AGS","parentPath":"\/ROOT\/HOME\/Commandes\/24703","folderName":"AGS","perms":{"upload":true,"download":"1","alter":true}},"files":[{"filename":"subfolder1","is_dir":true}]}}
2015-07-15 10:54:47 - {"success":true,"error":false,"data":{"meta":{"path":"\/ROOT\/HOME\/Commandes\/24703\/AGS","parentPath":"\/ROOT\/HOME\/Commandes\/24703","folderName":"AGS","perms":{"upload":true,"download":"1","alter":true}},"files":[{"filename":"subfolder1","is_dir":true},{"filename":"subfolder2","is_dir":true}]}}
2015-07-15 10:55:15 - {"success":true,"error":false,"data":{"meta":{"path":"\/ROOT\/HOME\/Commandes\/24703\/AGS","parentPath":"\/ROOT\/HOME\/Commandes\/24703","folderName":"AGS","perms":{"upload":true,"download":"1","alter":true}},"files":[{"filename":"subfolder1","is_dir":true},{"filename":"subfolder2","is_dir":true}]}}
2015-07-15 10:57:55 - {"success":true,"error":false,"data":{"meta":{"path":"\/ROOT\/HOME\/Commandes\/24703\/AGS","parentPath":"\/ROOT\/HOME\/Commandes\/24703","folderName":"AGS","perms":{"upload":true,"download":"1","alter":true}},"files":[{"filename":"subfolder1","is_dir":true},{"filename":"subfolder2","is_dir":true}]}}
2015-07-15 10:58:16 - {"success":true,"error":false,"data":{"meta":{"path":"\/ROOT\/HOME\/Commandes\/24703\/AGS","parentPath":"\/ROOT\/HOME\/Commandes\/24703","folderName":"AGS","perms":{"upload":true,"download":"1","alter":true}},"files":[{"filename":"subfolder1","is_dir":true},{"filename":"subfolder2","is_dir":true}]}}
2015-07-15 12:31:25 - {"success":true,"error":false,"data":{"meta":{"path":"\/ROOT\/HOME\/Commandes\/24703\/AGS","parentPath":"\/ROOT\/HOME\/Commandes\/24703","folderName":"AGS","perms":{"upload":true,"download":"1","alter":true}},"files":[{"filename":"subfolder1","is_dir":true},{"filename":"subfolder3","is_dir":true},{"filename":"subfolder2","is_dir":true}]}}
2015-07-15 12:43:14 - {"success":true,"error":false,"data":{"meta":{"path":"\/ROOT\/HOME\/Commandes\/24703\/AGS","parentPath":"\/ROOT\/HOME\/Commandes\/24703","folderName":"AGS","perms":{"upload":true,"download":"1","alter":true}},"files":[{"filename":"subfolder1","is_dir":true},{"filename":"subfolder3","is_dir":true},{"filename":"subfolder2","is_dir":true}]}}
2015-07-15 12:44:17 - {"success":true,"error":false,"data":{"meta":{"path":"\/ROOT\/HOME\/Commandes\/24703\/AGS","parentPath":"\/ROOT\/HOME\/Commandes\/24703","folderName":"AGS","perms":{"upload":true,"download":"1","alter":true}},"files":[{"filename":"subfolder1","is_dir":true},{"filename":"subfolder3","is_dir":true},{"filename":"sub folder","is_dir":true},{"filename":"subfolder2","is_dir":true}]}}
2015-07-15 12:44:23 - {"success":true,"error":false,"data":{"meta":{"path":"\/ROOT\/HOME\/Commandes\/24703\/AGS","parentPath":"\/ROOT\/HOME\/Commandes\/24703","folderName":"AGS","perms":{"upload":true,"download":"1","alter":true}},"files":[{"filename":"subfolder1","is_dir":true},{"filename":"subfolder3","is_dir":true},{"filename":"sub folder","is_dir":true},{"filename":"subfolder2","is_dir":true}]}}
2015-07-15 12:44:26 - {"success":true,"error":false,"data":{"meta":{"path":"\/ROOT\/HOME\/Commandes\/24703\/AGS","parentPath":"\/ROOT\/HOME\/Commandes\/24703","folderName":"AGS","perms":{"upload":true,"download":"1","alter":true}},"files":[{"filename":"subfolder1","is_dir":true},{"filename":"subfolder3","is_dir":true},{"filename":"sub folder","is_dir":true},{"filename":"subfolder2","is_dir":true}]}}
2015-07-15 12:46:42 - {"success":true,"error":false,"data":{"meta":{"path":"\/ROOT\/HOME\/Commandes\/24703\/AGS","parentPath":"\/ROOT\/HOME\/Commandes\/24703","folderName":"AGS","perms":{"upload":true,"download":"1","alter":true}},"files":[{"filename":"subfolder1","is_dir":true},{"filename":"subfolder3","is_dir":true},{"filename":"sub folder","is_dir":true},{"filename":"subfolder2","is_dir":true}]}}
2015-07-15 12:46:48 - {"success":true,"error":false,"data":{"meta":{"path":"\/ROOT\/HOME\/Commandes\/24703\/AGS","parentPath":"\/ROOT\/HOME\/Commandes\/24703","folderName":"AGS","perms":{"upload":true,"download":"1","alter":true}},"files":[{"filename":"subfolder1","is_dir":true},{"filename":"subfolder3","is_dir":true},{"filename":"sub folder","is_dir":true},{"filename":"subfolder2","is_dir":true}]}}
2015-07-15 12:50:57 - {"success":true,"error":false,"data":{"meta":{"path":"\/ROOT\/HOME\/Commandes\/24703\/AGS","parentPath":"\/ROOT\/HOME\/Commandes\/24703","folderName":"AGS","perms":{"upload":true,"download":"1","alter":true}},"files":[{"filename":"subfolder1","is_dir":true},{"filename":"subfolder3","is_dir":true},{"filename":"sub folder","is_dir":true},{"filename":"subfolder2","is_dir":true}]}}
2015-07-15 12:51:04 - {"success":true,"error":false,"data":{"meta":{"path":"\/ROOT\/HOME\/Commandes\/24703\/AGS","parentPath":"\/ROOT\/HOME\/Commandes\/24703","folderName":"AGS","perms":{"upload":true,"download":"1","alter":true}},"files":[{"filename":"subfolder1","is_dir":true},{"filename":"subfolder3","is_dir":true},{"filename":"sub folder","is_dir":true},{"filename":"subfolder2","is_dir":true}]}}
2015-07-15 12:55:32 - {"success":true,"error":false,"data":{"meta":{"path":"\/ROOT\/HOME\/Commandes\/24703\/AGS","parentPath":"\/ROOT\/HOME\/Commandes\/24703","folderName":"AGS","perms":{"upload":true,"download":"1","alter":true}},"files":[{"filename":"subfolder1","is_dir":true},{"filename":"subfolder3","is_dir":true},{"filename":"sub folder","is_dir":true},{"filename":"subfolder2","is_dir":true}]}}
2015-07-15 12:56:26 - {"success":true,"error":false,"data":{"meta":{"path":"\/ROOT\/HOME\/Commandes\/24703\/AGS","parentPath":"\/ROOT\/HOME\/Commandes\/24703","folderName":"AGS","perms":{"upload":true,"download":"1","alter":true}},"files":[{"filename":"subfolder1","is_dir":true},{"filename":"subfolder3","is_dir":true},{"filename":"sub folder","is_dir":true},{"filename":"subfolder2","is_dir":true}]}}
2015-07-15 12:59:24 - {"success":true,"error":false,"data":{"meta":{"path":"\/ROOT\/HOME\/Commandes\/24703\/AGS","parentPath":"\/ROOT\/HOME\/Commandes\/24703","folderName":"AGS","perms":{"upload":true,"download":"1","alter":true}},"files":[{"filename":"subfolder1","is_dir":true},{"filename":"subfolder3","is_dir":true},{"filename":"sub folder","is_dir":true},{"filename":"subfolder2","is_dir":true}]}}
2015-07-15 12:59:51 - {"success":true,"error":false,"data":{"meta":{"path":"\/ROOT\/HOME\/Commandes\/24703\/AGS","parentPath":"\/ROOT\/HOME\/Commandes\/24703","folderName":"AGS","perms":{"upload":true,"download":"1","alter":true}},"files":[{"filename":"subfolder1","is_dir":true},{"filename":"subfolder3","is_dir":true},{"filename":"sub folder","is_dir":true},{"filename":"subfolder2","is_dir":true}]}}
2015-07-15 13:18:18 - {"success":true,"error":false,"data":{"meta":{"path":"\/ROOT\/HOME\/Commandes\/24703\/AGS","parentPath":"\/ROOT\/HOME\/Commandes\/24703","folderName":"AGS","perms":{"upload":true,"download":"1","alter":true}},"files":[{"filename":"subfolder1","is_dir":true},{"filename":"subfolder3","is_dir":true},{"filename":"sub folder","is_dir":true},{"filename":"subfolder2","is_dir":true}]}}
2015-07-15 13:19:19 - {"success":true,"error":false,"data":{"meta":{"path":"\/ROOT\/HOME\/Commandes\/24703\/AGS","parentPath":"\/ROOT\/HOME\/Commandes\/24703","folderName":"AGS","perms":{"upload":true,"download":"1","alter":true}},"files":[{"filename":"subfolder1","is_dir":true},{"filename":"subfolder3","is_dir":true},{"filename":"sub folder","is_dir":true},{"filename":"subfolder2","is_dir":true}]}}
2015-07-15 13:19:42 - {"success":true,"error":false,"data":{"meta":{"path":"\/ROOT\/HOME\/Commandes\/24703\/AGS","parentPath":"\/ROOT\/HOME\/Commandes\/24703","folderName":"AGS","perms":{"upload":true,"download":"1","alter":true}},"files":[{"filename":"subfolder1","is_dir":true},{"filename":"subfolder3","is_dir":true},{"filename":"sub folder","is_dir":true},{"filename":"subfolder2","is_dir":true}]}}
2015-07-15 13:21:30 - {"success":true,"error":false,"data":{"meta":{"path":"\/ROOT\/HOME\/Commandes\/24703\/AGS","parentPath":"\/ROOT\/HOME\/Commandes\/24703","folderName":"AGS","perms":{"upload":true,"download":"1","alter":true}},"files":[{"filename":"subfolder1","is_dir":true},{"filename":"subfolder3","is_dir":true},{"filename":"sub folder","is_dir":true},{"filename":"subfolder2","is_dir":true}]}}
2015-07-15 13:22:26 - {"success":true,"error":false,"data":{"meta":{"path":"\/ROOT\/HOME\/Commandes\/24703\/AGS","parentPath":"\/ROOT\/HOME\/Commandes\/24703","folderName":"AGS","perms":{"upload":true,"download":"1","alter":true}},"files":[{"filename":"subfolder1","is_dir":true},{"filename":"subfolder3","is_dir":true},{"filename":"sub folder","is_dir":true},{"filename":"subfolder2","is_dir":true}]}}
2015-08-12 14:27:52 - {"success":false,"error":"Path not found!","details":"\/ROOT\/HOME\/Commandes\/24703\/AGS"}
2015-08-12 14:27:54 - {"success":false,"error":"Path not found!","details":"\/ROOT\/HOME\/Commandes\/24703\/AGS"}
2015-08-12 14:28:28 - {"success":false,"error":"Path not found!","details":"\/ROOT\/HOME\/Commandes\/24703\/AGS"}
2015-08-12 14:29:07 - {"success":false,"error":"Path not found!","details":"\/ROOT\/HOME\/Commandes\/24703\/AGS"}
2015-08-12 14:44:58 - {"success":true,"error":false,"data":{"meta":{"path":"\/ROOT\/HOME\/Commandes\/24703\/AGS","parentPath":"\/ROOT\/HOME\/Commandes\/24703","folderName":"AGS","perms":{"upload":true,"download":"1","alter":true}},"files":false}}
2015-08-12 14:45:23 - {"success":true,"error":false,"data":{"meta":{"path":"\/ROOT\/HOME\/Commandes\/24703\/AGS","parentPath":"\/ROOT\/HOME\/Commandes\/24703","folderName":"AGS","perms":{"upload":true,"download":"1","alter":true}},"files":false}}
2015-08-14 12:57:11 - {"success":true,"error":false,"data":{"meta":{"path":"\/ROOT\/HOME\/Commandes\/24703\/AGS","parentPath":"\/ROOT\/HOME\/Commandes\/24703","folderName":"AGS","perms":{"upload":true,"download":"1","alter":true}},"files":false}}
2015-08-14 12:57:12 - {"success":true,"error":false,"data":{"meta":{"path":"\/ROOT\/HOME\/Commandes\/24703\/AGS","parentPath":"\/ROOT\/HOME\/Commandes\/24703","folderName":"AGS","perms":{"upload":true,"download":"1","alter":true}},"files":false}}
2015-08-14 13:34:57 - {"success":true,"error":false,"data":{"meta":{"path":"\/ROOT\/HOME\/Commandes\/24703\/AGS","parentPath":"\/ROOT\/HOME\/Commandes\/24703","folderName":"AGS","perms":{"upload":true,"download":"1","alter":true}},"files":false}}
2015-08-14 13:34:58 - {"success":true,"error":false,"data":{"meta":{"path":"\/ROOT\/HOME\/Commandes\/24703\/AGS","parentPath":"\/ROOT\/HOME\/Commandes\/24703","folderName":"AGS","perms":{"upload":true,"download":"1","alter":true}},"files":false}}
2015-08-24 11:48:21 - {"success":true,"error":false,"data":{"meta":{"path":"\/ROOT\/HOME\/Commandes\/24703\/AGS","parentPath":"\/ROOT\/HOME\/Commandes\/24703","folderName":"AGS","perms":{"upload":true,"download":"1","alter":true}},"files":false}}
2015-08-24 11:50:31 - {"success":true,"error":false,"data":{"meta":{"path":"\/ROOT\/HOME\/Commandes\/24703\/Traducteur","parentPath":"\/ROOT\/HOME\/Commandes\/24703","folderName":"Traducteur","perms":{"upload":true,"download":"1","alter":true}},"files":[{"filename":"frisquet","is_dir":true},{"filename":"bassil","is_dir":true},{"filename":"barpegnon","is_dir":true}]}}
2015-08-24 11:50:43 - {"success":true,"error":false,"data":{"meta":{"path":"\/ROOT\/HOME\/Commandes\/24703\/Traducteur","parentPath":"\/ROOT\/HOME\/Commandes\/24703","folderName":"Traducteur","perms":{"upload":true,"download":"1","alter":true}},"files":[{"filename":"frisquet","is_dir":true},{"filename":"bassil","is_dir":true},{"filename":"barpegnon","is_dir":true}]}}
2015-08-24 11:51:22 - {"success":true,"error":false,"data":{"meta":{"path":"\/ROOT\/HOME\/Commandes\/24703\/AGS","parentPath":"\/ROOT\/HOME\/Commandes\/24703","folderName":"AGS","perms":{"upload":true,"download":"1","alter":true}},"files":false}}
2015-08-24 11:51:31 - {"success":true,"error":false,"data":{"meta":{"path":"\/ROOT\/HOME\/Commandes\/24703\/Traducteur","parentPath":"\/ROOT\/HOME\/Commandes\/24703","folderName":"Traducteur","perms":{"upload":true,"download":"1","alter":true}},"files":[{"filename":"frisquet","is_dir":true},{"filename":"bassil","is_dir":true},{"filename":"barpegnon","is_dir":true}]}}
2015-08-24 15:35:25 - {"success":true,"error":false,"data":{"meta":{"path":"\/ROOT\/HOME\/Commandes\/24703\/AGS","parentPath":"\/ROOT\/HOME\/Commandes\/24703","folderName":"AGS","perms":{"upload":true,"download":"1","alter":true}},"files":false}}
2015-08-24 16:57:44 - {"success":true,"error":false,"data":{"meta":{"path":"\/ROOT\/HOME\/Commandes\/24703\/AGS","parentPath":"\/ROOT\/HOME\/Commandes\/24703","folderName":"AGS","perms":{"upload":true,"download":"1","alter":true}},"files":false}}
2015-08-24 17:02:49 - {"success":true,"error":false,"data":{"meta":{"path":"\/ROOT\/HOME\/Commandes\/24703\/AGS","parentPath":"\/ROOT\/HOME\/Commandes\/24703","folderName":"AGS","perms":{"upload":true,"download":"1","alter":true}},"files":false}}
2015-08-24 17:03:02 - {"success":true,"error":false,"data":{"meta":{"path":"\/ROOT\/HOME\/Commandes\/24703\/AGS","parentPath":"\/ROOT\/HOME\/Commandes\/24703","folderName":"AGS","perms":{"upload":true,"download":"1","alter":true}},"files":false}}
2015-08-24 17:03:32 - {"success":true,"error":false,"data":{"meta":{"path":"\/ROOT\/HOME\/Commandes\/24703\/AGS","parentPath":"\/ROOT\/HOME\/Commandes\/24703","folderName":"AGS","perms":{"upload":true,"download":"1","alter":true}},"files":false}}
2015-08-24 17:06:03 - {"success":true,"error":false,"data":{"meta":{"path":"\/ROOT\/HOME\/Commandes\/24703\/AGS","parentPath":"\/ROOT\/HOME\/Commandes\/24703","folderName":"AGS","perms":{"upload":true,"download":"1","alter":true}},"files":false}}
2015-08-25 10:00:08 - {"success":true,"error":false,"data":{"meta":{"path":"\/ROOT\/HOME\/Commandes\/24703\/AGS","parentPath":"\/ROOT\/HOME\/Commandes\/24703","folderName":"AGS","perms":{"upload":true,"download":"1","alter":true}},"files":false}}
2015-08-27 13:04:25 - {"success":true,"error":false,"data":{"meta":{"path":"\/ROOT\/HOME\/Commandes\/24703\/AGS","parentPath":"\/ROOT\/HOME\/Commandes\/24703","folderName":"AGS","perms":{"upload":true,"download":"1","alter":true}},"files":false}}
2015-08-27 17:49:31 - {"success":true,"error":false,"data":{"meta":{"path":"\/ROOT\/HOME\/Commandes\/24703\/AGS","parentPath":"\/ROOT\/HOME\/Commandes\/24703","folderName":"AGS","perms":{"upload":true,"download":"1","alter":true}},"files":false}}
2015-08-28 12:46:29 - {"success":true,"error":false,"data":{"meta":{"path":"\/ROOT\/HOME\/Commandes\/24703\/AGS","parentPath":"\/ROOT\/HOME\/Commandes\/24703","folderName":"AGS","perms":{"upload":true,"download":"1","alter":true}},"files":false}}
2015-08-28 12:56:08 - {"success":true,"error":false,"data":{"meta":{"path":"\/ROOT\/HOME\/Commandes\/24703\/AGS","parentPath":"\/ROOT\/HOME\/Commandes\/24703","folderName":"AGS","perms":{"upload":true,"download":"1","alter":true}},"files":false}}
2015-08-28 12:56:31 - {"success":true,"error":false,"data":{"meta":{"path":"\/ROOT\/HOME\/Commandes\/24703\/AGS","parentPath":"\/ROOT\/HOME\/Commandes\/24703","folderName":"AGS","perms":{"upload":true,"download":"1","alter":true}},"files":false}}
2015-08-28 13:09:45 - {"success":true,"error":false,"data":{"meta":{"path":"\/ROOT\/HOME\/Commandes\/24703\/AGS","parentPath":"\/ROOT\/HOME\/Commandes\/24703","folderName":"AGS","perms":{"upload":true,"download":"1","alter":true}},"files":false}}
2015-08-28 13:12:15 - {"success":true,"error":false,"data":{"meta":{"path":"\/ROOT\/HOME\/Commandes\/24703\/AGS","parentPath":"\/ROOT\/HOME\/Commandes\/24703","folderName":"AGS","perms":{"upload":true,"download":"1","alter":true}},"files":false}}
2015-08-28 13:12:26 - {"success":true,"error":false,"data":{"meta":{"path":"\/ROOT\/HOME\/Commandes\/24703\/AGS","parentPath":"\/ROOT\/HOME\/Commandes\/24703","folderName":"AGS","perms":{"upload":true,"download":"1","alter":true}},"files":false}}
2015-08-28 13:12:52 - {"success":true,"error":false,"data":{"meta":{"path":"\/ROOT\/HOME\/Commandes\/24703\/AGS","parentPath":"\/ROOT\/HOME\/Commandes\/24703","folderName":"AGS","perms":{"upload":true,"download":"1","alter":true}},"files":false}}
2015-08-28 13:24:47 - {"success":true,"error":false,"data":{"meta":{"path":"\/ROOT\/HOME\/Commandes\/24703\/AGS","parentPath":"\/ROOT\/HOME\/Commandes\/24703","folderName":"AGS","perms":{"upload":true,"download":"1","alter":true}},"files":false}}
2015-08-28 13:25:10 - {"success":true,"error":false,"data":{"meta":{"path":"\/ROOT\/HOME\/Commandes\/24703\/AGS","parentPath":"\/ROOT\/HOME\/Commandes\/24703","folderName":"AGS","perms":{"upload":true,"download":"1","alter":true}},"files":false}}
2015-08-28 13:27:51 - {"success":true,"error":false,"data":{"meta":{"path":"\/ROOT\/HOME\/Commandes\/24703\/AGS","parentPath":"\/ROOT\/HOME\/Commandes\/24703","folderName":"AGS","perms":{"upload":true,"download":"1","alter":true}},"files":false}}
2015-08-28 13:28:10 - {"success":true,"error":false,"data":{"meta":{"path":"\/ROOT\/HOME\/Commandes\/24703\/AGS","parentPath":"\/ROOT\/HOME\/Commandes\/24703","folderName":"AGS","perms":{"upload":true,"download":"1","alter":true}},"files":false}}
2015-08-28 13:31:47 - {"success":true,"error":false,"data":{"meta":{"path":"\/ROOT\/HOME\/Commandes\/24703\/AGS","parentPath":"\/ROOT\/HOME\/Commandes\/24703","folderName":"AGS","perms":{"upload":true,"download":"1","alter":true}},"files":false}}
2015-08-28 13:32:09 - {"success":true,"error":false,"data":{"meta":{"path":"\/ROOT\/HOME\/Commandes\/24703\/AGS","parentPath":"\/ROOT\/HOME\/Commandes\/24703","folderName":"AGS","perms":{"upload":true,"download":"1","alter":true}},"files":false}}
2015-09-14 10:33:01 - {"success":true,"error":false,"data":{"meta":{"path":"\/ROOT\/HOME\/Commandes\/24703\/AGS","parentPath":"\/ROOT\/HOME\/Commandes\/24703","folderName":"AGS","perms":{"upload":true,"download":"1","alter":true}},"files":false}}
2015-09-14 10:41:57 - {"success":true,"error":false,"data":{"meta":{"path":"\/ROOT\/HOME\/Commandes\/24703\/AGS","parentPath":"\/ROOT\/HOME\/Commandes\/24703","folderName":"AGS","perms":{"upload":true,"download":"1","alter":true}},"files":false}}
2015-09-14 16:06:35 - {"success":true,"error":false,"data":{"meta":{"path":"\/ROOT\/HOME\/Commandes\/24703\/AGS","parentPath":"\/ROOT\/HOME\/Commandes\/24703","folderName":"AGS","perms":{"upload":true,"download":"1","alter":true}},"files":false}}
2015-09-14 16:07:34 - {"success":true,"error":false,"data":{"meta":{"path":"\/ROOT\/HOME\/Commandes\/24703\/AGS","parentPath":"\/ROOT\/HOME\/Commandes\/24703","folderName":"AGS","perms":{"upload":true,"download":"1","alter":true}},"files":false}}
2015-09-14 17:34:53 - {"success":true,"error":false,"data":{"meta":{"path":"\/ROOT\/HOME\/Commandes\/24703\/AGS","parentPath":"\/ROOT\/HOME\/Commandes\/24703","folderName":"AGS","perms":{"upload":true,"download":"1","alter":true}},"files":false}}
2015-09-14 17:35:15 - {"success":true,"error":false,"data":{"meta":{"path":"\/ROOT\/HOME\/Commandes\/24703\/AGS","parentPath":"\/ROOT\/HOME\/Commandes\/24703","folderName":"AGS","perms":{"upload":true,"download":"1","alter":true}},"files":false}}
2015-09-14 17:35:29 - {"success":true,"error":false,"data":{"meta":{"path":"\/ROOT\/HOME\/Commandes\/24703\/AGS","parentPath":"\/ROOT\/HOME\/Commandes\/24703","folderName":"AGS","perms":{"upload":true,"download":"1","alter":true}},"files":false}}
2015-09-14 17:36:34 - {"success":true,"error":false,"data":{"meta":{"path":"\/ROOT\/HOME\/Commandes\/24703\/AGS","parentPath":"\/ROOT\/HOME\/Commandes\/24703","folderName":"AGS","perms":{"upload":true,"download":"1","alter":true}},"files":false}}
2015-09-15 15:06:40 - {"success":true,"error":false,"data":{"meta":{"path":"\/ROOT\/HOME\/Commandes\/24703\/AGS","parentPath":"\/ROOT\/HOME\/Commandes\/24703","folderName":"AGS","perms":{"upload":true,"download":"1","alter":true}},"files":false}}
