2015-07-06 11:33:36 - 
2015-07-06 11:36:22 - 
2015-07-06 11:47:20 - 
2015-07-06 11:51:30 - {"success":false,"error":"Vous n'\u00eates pas autoris\u00e9 \u00e0 envoyer des fichiers dans ce dossier partag\u00e9."}
2015-07-06 12:06:49 - {"success":false,"error":"Vous n'\u00eates pas autoris\u00e9 \u00e0 envoyer des fichiers dans ce dossier partag\u00e9."}
2015-07-06 12:17:19 - {"success":true,"error":false,"data":[]}
2015-07-06 12:18:22 - {"success":true,"error":false,"data":[]}
2015-07-06 12:19:37 - {"success":true,"error":false,"data":[]}
2015-07-06 12:20:15 - {"success":false,"error":"Vous n'\u00eates pas autoris\u00e9 \u00e0 envoyer des fichiers dans ce dossier partag\u00e9."}
2015-07-06 12:22:28 - {"success":false,"error":"Vous n'\u00eates pas autoris\u00e9 \u00e0 envoyer des fichiers dans ce dossier partag\u00e9."}
2015-07-06 12:22:50 - {"success":false,"error":"Vous n'\u00eates pas autoris\u00e9 \u00e0 envoyer des fichiers dans ce dossier partag\u00e9."}
2015-07-06 12:26:11 - {"success":false,"error":"Vous n'\u00eates pas autoris\u00e9 \u00e0 envoyer des fichiers dans ce dossier partag\u00e9."}
2015-07-06 15:42:39 - {"success":false,"error":"Vous n'\u00eates pas autoris\u00e9 \u00e0 envoyer des fichiers dans ce dossier partag\u00e9."}
2015-07-06 17:03:57 - {"success":false,"error":"Vous n'\u00eates pas autoris\u00e9 \u00e0 envoyer des fichiers dans ce dossier partag\u00e9."}
2015-07-06 17:04:34 - {"success":false,"error":"Vous n'\u00eates pas autoris\u00e9 \u00e0 envoyer des fichiers dans ce dossier partag\u00e9."}
2015-07-06 17:10:10 - {"success":true,"error":false,"data":[]}
2015-07-06 17:11:50 - {"success":true,"error":false,"data":[]}
2015-07-06 17:12:27 - {"success":false,"error":"Vous n'\u00eates pas autoris\u00e9 \u00e0 envoyer des fichiers dans ce dossier partag\u00e9."}
2015-07-06 17:23:38 - {"success":false,"error":"Vous n'\u00eates pas autoris\u00e9 \u00e0 envoyer des fichiers dans ce dossier partag\u00e9."}
2015-07-06 17:26:39 - {"success":false,"error":"Vous n'\u00eates pas autoris\u00e9 \u00e0 envoyer des fichiers dans ce dossier partag\u00e9."}
2015-07-06 17:27:38 - {"error":"invalid_request","message":"The request is missing a required parameter, includes an invalid parameter value, includes a parameter more than once, or is otherwise malformed. Check the \"access_token\" parameter."}
2015-07-06 17:32:30 - {"error":"invalid_request","message":"The request is missing a required parameter, includes an invalid parameter value, includes a parameter more than once, or is otherwise malformed. Check the \"access_token\" parameter."}
2015-07-06 17:33:03 - {"error":"invalid_request","message":"The request is missing a required parameter, includes an invalid parameter value, includes a parameter more than once, or is otherwise malformed. Check the \"access_token\" parameter."}
2015-07-06 17:57:46 - {"success":false,"error":"Vous n'\u00eates pas autoris\u00e9 \u00e0 envoyer des fichiers dans ce dossier partag\u00e9."}
2015-07-06 18:00:09 - {"success":false,"error":"Vous n'\u00eates pas autoris\u00e9 \u00e0 envoyer des fichiers dans ce dossier partag\u00e9."}
2015-07-06 18:00:44 - {"success":false,"error":"Vous n'\u00eates pas autoris\u00e9 \u00e0 envoyer des fichiers dans ce dossier partag\u00e9."}
2015-07-07 16:01:19 - {"success":true,"error":false,"data":[]}
2015-07-07 16:09:52 - {"success":false,"error":"Vous n'\u00eates pas autoris\u00e9 \u00e0 envoyer des fichiers dans ce dossier partag\u00e9."}
2015-07-07 16:11:25 - {"success":false,"error":"Vous n'\u00eates pas autoris\u00e9 \u00e0 envoyer des fichiers dans ce dossier partag\u00e9."}
2015-07-07 16:11:50 - {"success":false,"error":"Vous n'\u00eates pas autoris\u00e9 \u00e0 envoyer des fichiers dans ce dossier partag\u00e9."}
2015-07-07 16:15:57 - {"success":true,"error":false,"data":[]}
2015-07-07 16:51:01 - {"success":true,"error":false,"data":[]}
2015-07-07 16:54:27 - {"error":"invalid_request","message":"The request is missing a required parameter, includes an invalid parameter value, includes a parameter more than once, or is otherwise malformed. Check the \"access_token\" parameter."}
2015-07-07 16:54:40 - {"error":"invalid_request","message":"The request is missing a required parameter, includes an invalid parameter value, includes a parameter more than once, or is otherwise malformed. Check the \"access_token\" parameter."}
2015-07-07 16:55:34 - {"success":true,"error":false,"data":[]}
2015-07-07 16:55:43 - {"success":true,"error":false,"data":[]}
2015-07-07 17:52:13 - {"error":"invalid_request","message":"The request is missing a required parameter, includes an invalid parameter value, includes a parameter more than once, or is otherwise malformed. Check the \"access_token\" parameter."}
2015-07-09 15:54:20 - {"success":true,"error":false,"data":[]}
2015-07-10 13:34:45 - {"success":true,"error":false,"data":[]}
2015-07-10 13:36:35 - {"success":true,"error":false,"data":[]}
2015-07-10 13:37:35 - {"success":true,"error":false,"data":[]}
2015-07-10 14:08:24 - {"success":true,"error":false,"data":[]}
2015-07-10 14:10:08 - {"success":true,"error":false,"data":[]}
2015-07-10 14:14:33 - {"success":true,"error":false,"data":[]}
2015-07-10 14:16:10 - {"success":true,"error":false,"data":[]}
2015-07-10 14:19:11 - {"success":true,"error":false,"data":[]}
2015-07-10 14:20:45 - {"success":true,"error":false,"data":[]}
2015-07-10 14:22:42 - {"success":true,"error":false,"data":[]}
2015-07-10 14:22:50 - {"success":true,"error":false,"data":[]}
2015-07-10 14:23:43 - {"success":true,"error":false,"data":[]}
2015-07-10 14:24:07 - {"success":true,"error":false,"data":[]}
2015-07-10 14:24:27 - {"success":true,"error":false,"data":[]}
2015-07-10 14:25:10 - {"success":true,"error":false,"data":[]}
2015-07-10 14:25:34 - {"success":true,"error":false,"data":[]}
2015-07-10 14:26:32 - {"success":true,"error":false,"data":[]}
2015-07-10 14:27:35 - {"success":true,"error":false,"data":[]}
2015-07-10 14:31:25 - {"success":true,"error":false,"data":[]}
2015-07-10 14:38:01 - {"success":true,"error":false,"data":[]}
2015-07-10 14:45:05 - {"success":true,"error":false,"data":[]}
2015-07-10 14:46:34 - {"success":true,"error":false,"data":[]}
2015-07-10 15:37:59 - {"success":true,"error":false,"data":[]}
2015-07-10 15:58:27 - {"success":true,"error":false,"data":[]}
2015-07-10 15:59:54 - {"success":true,"error":false,"data":[]}
2015-07-10 16:06:31 - {"success":true,"error":false,"data":[]}
2015-07-14 09:58:44 - {"success":true,"error":false,"data":[]}
2015-07-14 12:10:38 - {"success":true,"error":false,"data":[]}
2015-07-14 12:52:01 - {"success":true,"error":false,"data":[]}
2015-07-14 12:54:53 - {"success":true,"error":false,"data":[]}
2015-07-14 13:29:53 - {"success":true,"error":false,"data":[]}
2015-07-14 14:36:26 - {"success":true,"error":false,"data":[]}
2015-07-14 14:37:48 - {"success":true,"error":false,"data":[]}
2015-07-14 14:43:14 - {"success":true,"error":false,"data":[]}
2015-07-14 14:45:35 - {"success":true,"error":false,"data":[]}
2015-07-14 14:53:47 - {"success":true,"error":false,"data":[]}
2015-07-14 14:55:03 - {"success":true,"error":false,"data":[]}
2015-07-14 14:56:11 - {"success":true,"error":false,"data":[]}
2015-07-14 14:58:41 - {"success":true,"error":false,"data":[]}
2015-07-14 14:59:33 - {"success":true,"error":false,"data":[]}
2015-07-14 15:00:15 - {"success":true,"error":false,"data":[]}
2015-07-14 15:00:49 - {"success":true,"error":false,"data":[]}
2015-07-14 15:01:19 - {"success":true,"error":false,"data":[]}
2015-07-14 15:06:02 - {"success":true,"error":false,"data":[]}
2015-07-14 15:08:29 - {"success":true,"error":false,"data":[]}
2015-07-14 15:08:56 - {"success":true,"error":false,"data":[]}
2015-07-14 15:10:40 - {"success":true,"error":false,"data":[]}
2015-07-14 15:11:50 - {"success":true,"error":false,"data":[]}
2015-07-14 16:54:25 - {"success":true,"error":false,"data":[]}
2015-07-14 16:56:59 - {"success":true,"error":false,"data":[]}
2015-07-14 17:01:51 - {"success":true,"error":false,"data":[]}
2015-07-14 17:04:55 - {"success":true,"error":false,"data":[]}
2015-07-14 17:05:26 - {"success":true,"error":false,"data":[]}
2015-07-14 17:47:49 - {"success":true,"error":false,"data":[]}
2015-07-14 17:48:05 - {"success":true,"error":false,"data":[]}
2015-07-15 10:15:25 - {"success":true,"error":false,"data":[]}
2015-07-15 10:18:45 - {"success":true,"error":false,"data":[]}
2015-07-15 10:19:05 - {"success":true,"error":false,"data":[]}
2015-07-15 10:20:15 - {"success":true,"error":false,"data":[]}
2015-07-15 10:20:40 - {"success":true,"error":false,"data":[]}
2015-07-15 10:26:17 - {"success":true,"error":false,"data":[]}
2015-07-15 10:26:41 - {"success":true,"error":false,"data":[]}
2015-07-15 10:27:46 - {"success":true,"error":false,"data":[]}
2015-07-15 10:35:51 - {"success":true,"error":false,"data":[]}
2015-07-15 10:36:37 - {"success":true,"error":false,"data":[]}
2015-07-15 10:37:49 - {"success":true,"error":false,"data":[]}
2015-07-15 10:39:39 - {"success":true,"error":false,"data":[]}
2015-07-15 10:39:48 - {"success":true,"error":false,"data":[]}
2015-07-15 10:42:26 - {"success":true,"error":false,"data":[]}
2015-07-15 10:51:12 - {"success":true,"error":false,"data":[]}
2015-07-15 10:51:24 - {"success":true,"error":false,"data":[]}
2015-07-15 10:51:37 - {"success":true,"error":false,"data":[]}
2015-07-15 10:51:53 - {"success":true,"error":false,"data":[]}
2015-07-15 10:52:10 - {"success":true,"error":false,"data":[]}
2015-07-15 10:54:56 - {"success":true,"error":false,"data":[]}
2015-07-15 10:55:24 - {"success":true,"error":false,"data":[]}
2015-07-15 10:58:02 - {"success":true,"error":false,"data":[]}
2015-07-15 10:58:49 - {"success":true,"error":false,"data":[]}
2015-07-15 11:00:16 - {"success":true,"error":false,"data":[]}
2015-07-15 12:31:43 - {"success":true,"error":false,"data":[]}
2015-07-15 12:43:31 - {"success":true,"error":false,"data":[]}
2015-07-15 12:54:52 - {"success":true,"error":false,"data":[]}
2015-07-15 12:56:32 - {"success":true,"error":false,"data":[]}
2015-07-15 12:59:31 - {"success":true,"error":false,"data":[]}
2015-07-15 12:59:56 - {"success":true,"error":false,"data":[]}
2015-07-15 13:17:35 - {"success":true,"error":false,"data":[]}
2015-07-15 13:18:28 - {"success":true,"error":false,"data":[]}
2015-07-15 13:19:26 - {"success":true,"error":false,"data":[]}
2015-07-15 13:19:48 - {"success":true,"error":false,"data":[]}
2015-07-15 13:21:38 - {"success":true,"error":false,"data":[]}
2015-07-15 13:22:05 - {"success":true,"error":false,"data":[]}
2015-07-15 13:22:45 - {"success":true,"error":false,"data":[]}
2015-07-20 16:11:06 - api_controllerfilerun<br />
<b>Warning</b>:  Cannot modify header information - headers already sent by (output started at /home/agstrad/public_html/dev/new/core/controller.php:28) in <b>/home/agstrad/public_html/dev/new/core/controller.php</b> on line <b>30</b><br />
<br />
<b>Warning</b>:  Cannot modify header information - headers already sent by (output started at /home/ags/public_html/customizables/events/upload.php:24) in <b>/home/ags/public_html/system/functions/misc.php</b> on line <b>360</b><br />
{"success":true,"error":false,"data":[]}
2015-07-20 16:11:11 - api_controllerfilerun<br />
<b>Warning</b>:  Cannot modify header information - headers already sent by (output started at /home/agstrad/public_html/dev/new/core/controller.php:28) in <b>/home/agstrad/public_html/dev/new/core/controller.php</b> on line <b>30</b><br />
<br />
<b>Warning</b>:  Cannot modify header information - headers already sent by (output started at /home/ags/public_html/customizables/events/upload.php:24) in <b>/home/ags/public_html/system/functions/misc.php</b> on line <b>360</b><br />
{"success":true,"error":false,"data":[]}
2015-07-28 14:10:02 - {"success":true,"error":false,"data":[]}
2015-07-28 14:11:00 - {"success":true,"error":false,"data":[]}
2015-07-28 14:11:17 - {"success":true,"error":false,"data":[]}
2015-07-28 14:11:27 - {"success":true,"error":false,"data":[]}
2015-07-28 14:11:43 - {"success":true,"error":false,"data":[]}
2015-07-28 14:11:54 - {"success":true,"error":false,"data":[]}
2015-07-28 14:12:04 - {"success":true,"error":false,"data":[]}
2015-07-28 14:12:24 - {"success":true,"error":false,"data":[]}
2015-07-28 14:12:34 - {"success":true,"error":false,"data":[]}
2015-07-28 15:33:38 - {"success":true,"error":false,"data":[]}
2015-07-30 14:25:14 - {"success":true,"error":false,"data":[]}
2015-07-30 14:34:08 - {"success":true,"error":false,"data":[]}
2015-07-30 14:38:48 - {"success":true,"error":false,"data":[]}
2015-07-30 14:40:30 - {"success":true,"error":false,"data":[]}
2015-07-30 14:42:49 - {"success":true,"error":false,"data":[]}
2015-07-30 15:02:23 - {"success":true,"error":false,"data":[]}
2015-07-30 15:02:44 - {"success":true,"error":false,"data":[]}
2015-07-30 17:34:28 - {"success":true,"error":false,"data":[]}
2015-07-30 17:35:15 - {"success":true,"error":false,"data":[]}
2015-08-11 16:23:20 - {"success":true,"error":false,"data":[]}
2015-08-12 10:58:47 - {"success":true,"error":false,"data":[]}
2015-08-12 10:59:59 - {"success":true,"error":false,"data":[]}
2015-08-12 11:01:30 - {"success":true,"error":false,"data":[]}
2015-08-12 12:28:28 - {"success":true,"error":false,"data":[]}
2015-08-12 14:29:28 - {"success":true,"error":false,"data":[]}
2015-08-12 14:45:05 - {"success":true,"error":false,"data":[]}
2015-08-12 14:45:30 - {"success":true,"error":false,"data":[]}
2015-08-14 13:35:05 - {"success":true,"error":false,"data":[]}
2015-08-14 13:35:27 - {"success":true,"error":false,"data":[]}
2015-08-14 16:40:12 - {"success":true,"error":false,"data":[]}
2015-08-14 16:41:45 - {"success":true,"error":false,"data":[]}
2015-08-17 10:54:05 - {"success":true,"error":false,"data":[]}
2015-08-17 10:54:07 - {"success":true,"error":false,"data":[]}
2015-08-17 11:45:58 - {"success":true,"error":false,"data":[]}
2015-08-17 11:47:15 - {"success":true,"error":false,"data":[]}
2015-08-17 12:15:16 - {"success":true,"error":false,"data":[]}
2015-08-17 15:03:03 - {"success":true,"error":false,"data":[]}
2015-08-17 15:03:24 - {"success":true,"error":false,"data":[]}
2015-08-17 15:05:02 - {"success":true,"error":false,"data":[]}
2015-08-17 15:34:31 - {"success":true,"error":false,"data":[]}
2015-08-17 15:35:51 - {"success":true,"error":false,"data":[]}
2015-08-17 15:37:19 - {"success":true,"error":false,"data":[]}
2015-08-17 15:38:37 - {"success":true,"error":false,"data":[]}
2015-08-17 15:40:40 - {"success":true,"error":false,"data":[]}
2015-08-17 16:04:20 - {"success":true,"error":false,"data":[]}
2015-08-17 16:05:11 - {"success":true,"error":false,"data":[]}
2015-08-17 16:07:24 - {"success":true,"error":false,"data":[]}
2015-08-17 16:08:40 - {"success":true,"error":false,"data":[]}
2015-08-17 16:10:46 - {"success":true,"error":false,"data":[]}
2015-08-17 16:11:35 - {"success":true,"error":false,"data":[]}
2015-08-17 16:50:33 - {"success":true,"error":false,"data":[]}
2015-08-17 16:50:40 - {"success":true,"error":false,"data":[]}
2015-08-17 16:53:07 - {"success":true,"error":false,"data":[]}
2015-08-17 17:00:04 - {"success":true,"error":false,"data":[]}
2015-08-17 18:11:39 - {"success":true,"error":false,"data":[]}
2015-08-17 18:11:48 - {"success":true,"error":false,"data":[]}
2015-08-17 18:12:04 - {"success":true,"error":false,"data":[]}
2015-08-17 18:12:42 - {"success":true,"error":false,"data":[]}
2015-08-17 18:13:11 - {"success":true,"error":false,"data":[]}
2015-08-17 18:14:51 - {"success":true,"error":false,"data":[]}
2015-08-17 18:17:21 - {"success":true,"error":false,"data":[]}
2015-08-17 18:17:33 - {"success":true,"error":false,"data":[]}
2015-08-17 18:19:37 - {"success":true,"error":false,"data":[]}
2015-08-17 18:19:59 - {"success":true,"error":false,"data":[]}
2015-08-17 18:20:22 - {"success":true,"error":false,"data":[]}
2015-08-17 18:20:45 - {"success":true,"error":false,"data":[]}
2015-08-17 18:20:46 - {"success":true,"error":false,"data":[]}
2015-08-17 18:38:24 - {"success":true,"error":false,"data":[]}
2015-08-18 14:35:09 - {"success":true,"error":false,"data":[]}
2015-08-18 14:49:46 - {"success":true,"error":false,"data":[]}
2015-08-18 16:46:05 - {"success":true,"error":false,"data":[]}
2015-08-18 16:46:48 - {"success":true,"error":false,"data":[]}
2015-08-18 17:03:30 - {"success":true,"error":false,"data":[]}
2015-08-18 17:11:51 - {"success":true,"error":false,"data":[]}
2015-08-18 17:14:08 - {"success":true,"error":false,"data":[]}
2015-08-18 17:23:22 - {"success":true,"error":false,"data":[]}
2015-08-18 17:23:57 - {"success":true,"error":false,"data":[]}
2015-08-18 17:26:06 - {"success":true,"error":false,"data":[]}
2015-08-18 17:31:03 - {"success":true,"error":false,"data":[]}
2015-08-18 17:33:44 - {"success":true,"error":false,"data":[]}
2015-08-19 16:02:18 - {"success":true,"error":false,"data":[]}
2015-08-19 16:07:42 - {"success":true,"error":false,"data":[]}
2015-08-19 16:14:14 - {"success":true,"error":false,"data":[]}
2015-08-19 16:15:05 - {"success":true,"error":false,"data":[]}
2015-08-19 16:15:16 - {"success":true,"error":false,"data":[]}
2015-08-19 16:17:41 - {"success":true,"error":false,"data":[]}
2015-08-19 16:19:49 - {"success":true,"error":false,"data":[]}
2015-08-19 16:20:10 - {"success":true,"error":false,"data":[]}
2015-08-19 16:22:20 - {"success":true,"error":false,"data":[]}
2015-08-19 16:22:37 - {"success":true,"error":false,"data":[]}
2015-08-19 16:28:10 - {"success":true,"error":false,"data":[]}
2015-08-19 16:29:33 - {"success":true,"error":false,"data":[]}
2015-08-19 16:29:50 - {"success":true,"error":false,"data":[]}
2015-08-19 16:34:12 - {"success":true,"error":false,"data":[]}
2015-08-19 16:34:27 - {"success":true,"error":false,"data":[]}
2015-08-24 10:13:18 - {"success":true,"error":false,"data":[]}
2015-08-24 10:30:28 - {"success":true,"error":false,"data":[]}
2015-08-24 10:32:36 - {"success":true,"error":false,"data":[]}
2015-08-24 10:45:51 - {"success":true,"error":false,"data":[]}
2015-08-24 10:48:14 - {"success":true,"error":false,"data":[]}
2015-08-24 10:49:35 - {"success":true,"error":false,"data":[]}
2015-08-24 10:49:57 - {"success":true,"error":false,"data":[]}
2015-08-24 10:50:16 - {"success":true,"error":false,"data":[]}
2015-08-24 10:58:53 - {"success":true,"error":false,"data":[]}
2015-08-24 11:00:28 - {"success":true,"error":false,"data":[]}
2015-08-24 11:39:48 - {"success":true,"error":false,"data":[]}
2015-08-24 11:40:09 - {"success":true,"error":false,"data":[]}
2015-08-24 11:40:26 - {"success":true,"error":false,"data":[]}
2015-08-24 11:44:21 - {"success":true,"error":false,"data":[]}
2015-08-24 13:09:46 - {"success":true,"error":false,"data":[]}
2015-08-24 13:10:15 - {"success":true,"error":false,"data":[]}
2015-08-24 15:35:48 - {"success":true,"error":false,"data":[]}
2015-08-24 16:25:54 - {"success":true,"error":false,"data":[]}
2015-08-24 16:26:10 - {"success":true,"error":false,"data":[]}
2015-08-24 16:39:09 - {"success":true,"error":false,"data":[]}
2015-08-24 16:39:33 - {"success":true,"error":false,"data":[]}
2015-08-24 16:56:58 - {"success":true,"error":false,"data":[]}
2015-08-24 16:57:11 - {"success":true,"error":false,"data":[]}
2015-08-24 16:57:54 - {"success":true,"error":false,"data":[]}
2015-08-24 17:00:18 - {"success":true,"error":false,"data":[]}
2015-08-24 17:00:38 - {"success":true,"error":false,"data":[]}
2015-08-24 17:02:56 - {"success":true,"error":false,"data":[]}
2015-08-24 17:03:47 - {"success":true,"error":false,"data":[]}
2015-08-24 17:05:46 - {"success":true,"error":false,"data":[]}
2015-08-24 17:05:56 - {"success":true,"error":false,"data":[]}
2015-08-24 17:06:13 - {"success":true,"error":false,"data":[]}
2015-08-25 11:58:37 - {"success":true,"error":false,"data":[]}
2015-08-25 12:08:23 - {"success":true,"error":false,"data":[]}
2015-08-25 12:11:15 - {"success":true,"error":false,"data":[]}
2015-08-25 12:24:16 - {"success":true,"error":false,"data":[]}
2015-08-25 12:24:31 - {"success":true,"error":false,"data":[]}
2015-08-25 12:24:50 - {"success":true,"error":false,"data":[]}
2015-08-25 12:25:34 - {"success":true,"error":false,"data":[]}
2015-08-25 12:27:36 - {"success":true,"error":false,"data":[]}
2015-08-25 12:27:55 - {"success":true,"error":false,"data":[]}
2015-08-25 12:28:14 - {"success":true,"error":false,"data":[]}
2015-08-25 12:30:08 - {"success":true,"error":false,"data":[]}
2015-08-25 12:30:26 - {"success":true,"error":false,"data":[]}
2015-08-25 12:32:01 - {"success":true,"error":false,"data":[]}
2015-08-25 12:32:12 - {"success":true,"error":false,"data":[]}
2015-08-25 12:32:22 - {"success":true,"error":false,"data":[]}
2015-08-25 12:32:54 - {"success":true,"error":false,"data":[]}
2015-08-25 14:11:52 - {"success":true,"error":false,"data":[]}
2015-08-25 14:12:07 - {"success":true,"error":false,"data":[]}
2015-08-25 14:12:19 - {"success":true,"error":false,"data":[]}
2015-08-25 14:12:32 - {"success":true,"error":false,"data":[]}
2015-08-25 14:18:19 - {"success":true,"error":false,"data":[]}
2015-08-25 14:20:38 - {"success":true,"error":false,"data":[]}
2015-08-25 14:21:18 - {"success":true,"error":false,"data":[]}
2015-08-25 14:23:03 - {"success":true,"error":false,"data":[]}
2015-08-25 14:23:21 - {"success":true,"error":false,"data":[]}
2015-08-25 17:51:52 - {"success":true,"error":false,"data":[]}
2015-08-26 10:18:34 - {"success":true,"error":false,"data":[]}
2015-08-26 10:33:30 - {"success":true,"error":false,"data":[]}
2015-08-26 10:33:44 - {"success":true,"error":false,"data":[]}
2015-08-26 10:40:43 - {"success":true,"error":false,"data":[]}
2015-08-26 12:18:23 - {"success":true,"error":false,"data":[]}
2015-08-26 12:24:22 - {"success":true,"error":false,"data":[]}
2015-08-26 12:43:16 - {"success":true,"error":false,"data":[]}
2015-08-26 12:43:39 - {"success":true,"error":false,"data":[]}
2015-08-26 12:49:10 - {"success":true,"error":false,"data":[]}
2015-08-26 12:49:24 - {"success":true,"error":false,"data":[]}
2015-08-26 12:56:14 - {"success":true,"error":false,"data":[]}
2015-08-26 12:56:26 - {"success":true,"error":false,"data":[]}
2015-08-26 12:56:51 - {"success":true,"error":false,"data":[]}
2015-08-26 13:02:29 - {"success":true,"error":false,"data":[]}
2015-08-26 13:04:09 - {"success":true,"error":false,"data":[]}
2015-08-26 13:05:40 - {"success":true,"error":false,"data":[]}
2015-08-26 13:06:41 - {"success":true,"error":false,"data":[]}
2015-08-26 13:07:18 - {"success":true,"error":false,"data":[]}
2015-08-26 13:08:43 - {"success":true,"error":false,"data":[]}
2015-08-26 13:11:41 - {"success":true,"error":false,"data":[]}
2015-08-26 14:08:39 - {"success":true,"error":false,"data":[]}
2015-08-26 14:25:36 - {"success":true,"error":false,"data":[]}
2015-08-26 14:27:35 - {"success":true,"error":false,"data":[]}
2015-08-26 14:37:26 - {"success":true,"error":false,"data":[]}
2015-08-26 14:37:57 - {"success":true,"error":false,"data":[]}
2015-08-26 14:46:49 - {"success":true,"error":false,"data":[]}
2015-08-26 14:47:34 - {"success":true,"error":false,"data":[]}
2015-08-26 14:48:15 - {"success":true,"error":false,"data":[]}
2015-08-26 16:21:42 - {"success":true,"error":false,"data":[]}
2015-08-26 16:25:43 - {"success":true,"error":false,"data":[]}
2015-08-26 16:28:27 - {"success":true,"error":false,"data":[]}
2015-08-26 16:29:06 - {"success":true,"error":false,"data":[]}
2015-08-26 16:30:21 - {"success":true,"error":false,"data":[]}
2015-08-26 16:30:37 - {"success":true,"error":false,"data":[]}
2015-08-26 17:08:30 - {"success":true,"error":false,"data":[]}
2015-08-26 17:08:39 - {"success":true,"error":false,"data":[]}
2015-08-26 17:08:56 - {"success":true,"error":false,"data":[]}
2015-08-26 17:19:51 - {"success":true,"error":false,"data":[]}
2015-08-26 17:23:42 - {"success":true,"error":false,"data":[]}
2015-08-26 17:36:31 - {"success":true,"error":false,"data":[]}
2015-08-26 17:36:44 - {"success":true,"error":false,"data":[]}
2015-08-26 17:36:54 - {"success":true,"error":false,"data":[]}
2015-08-26 17:37:06 - {"success":true,"error":false,"data":[]}
2015-08-26 17:37:18 - {"success":true,"error":false,"data":[]}
2015-08-26 17:37:30 - {"success":true,"error":false,"data":[]}
2015-08-27 10:17:17 - {"success":true,"error":false,"data":[]}
2015-08-27 10:18:07 - {"success":true,"error":false,"data":[]}
2015-08-27 10:18:14 - {"success":true,"error":false,"data":[]}
2015-08-27 10:18:47 - {"success":true,"error":false,"data":[]}
2015-08-27 10:19:22 - {"success":true,"error":false,"data":[]}
2015-08-27 10:19:39 - {"success":true,"error":false,"data":[]}
2015-08-27 10:31:00 - {"success":true,"error":false,"data":[]}
2015-08-27 10:31:36 - {"success":true,"error":false,"data":[]}
2015-08-27 13:04:57 - {"success":true,"error":false,"data":[]}
2015-08-27 13:51:21 - {"success":true,"error":false,"data":[]}
2015-08-27 13:55:58 - {"success":true,"error":false,"data":[]}
2015-08-27 14:01:21 - {"success":true,"error":false,"data":[]}
2015-08-27 14:01:35 - {"success":true,"error":false,"data":[]}
2015-08-27 14:02:01 - {"success":true,"error":false,"data":[]}
2015-08-27 14:02:38 - {"success":true,"error":false,"data":[]}
2015-08-27 14:58:42 - {"success":true,"error":false,"data":[]}
2015-08-27 14:58:51 - {"success":true,"error":false,"data":[]}
2015-08-27 14:59:09 - {"success":true,"error":false,"data":[]}
2015-08-27 15:11:11 - {"success":true,"error":false,"data":[]}
2015-08-27 15:13:00 - {"success":true,"error":false,"data":[]}
2015-08-27 15:13:21 - {"success":true,"error":false,"data":[]}
2015-08-27 15:40:44 - {"success":true,"error":false,"data":[]}
2015-08-27 15:48:21 - {"success":true,"error":false,"data":[]}
2015-08-27 15:49:27 - {"success":true,"error":false,"data":[]}
2015-08-27 15:49:52 - {"success":true,"error":false,"data":[]}
2015-08-27 16:35:26 - {"success":true,"error":false,"data":[]}
2015-08-27 16:52:36 - {"success":true,"error":false,"data":[]}
2015-08-27 16:53:16 - {"success":true,"error":false,"data":[]}
2015-08-27 16:53:49 - {"success":true,"error":false,"data":[]}
2015-08-27 16:54:05 - {"success":true,"error":false,"data":[]}
2015-08-27 16:57:04 - {"success":true,"error":false,"data":[]}
2015-08-27 16:57:29 - {"success":true,"error":false,"data":[]}
2015-08-27 17:13:09 - {"success":true,"error":false,"data":[]}
2015-08-27 17:13:30 - {"success":true,"error":false,"data":[]}
2015-08-27 17:33:10 - {"success":true,"error":false,"data":[]}
2015-08-27 17:34:46 - {"success":true,"error":false,"data":[]}
2015-08-27 17:35:11 - {"success":true,"error":false,"data":[]}
2015-08-27 17:43:14 - {"success":true,"error":false,"data":[]}
2015-08-27 17:43:32 - {"success":true,"error":false,"data":[]}
2015-08-27 17:44:16 - {"success":true,"error":false,"data":[]}
2015-08-27 17:44:30 - {"success":true,"error":false,"data":[]}
2015-08-27 17:46:03 - {"success":true,"error":false,"data":[]}
2015-08-27 17:46:36 - {"success":true,"error":false,"data":[]}
2015-08-27 17:48:02 - {"success":true,"error":false,"data":[]}
2015-08-27 17:48:11 - {"success":true,"error":false,"data":[]}
2015-08-27 17:48:34 - {"success":true,"error":false,"data":[]}
2015-08-27 17:49:45 - {"success":true,"error":false,"data":[]}
2015-08-28 12:43:56 - {"success":true,"error":false,"data":[]}
2015-08-28 12:44:23 - {"success":true,"error":false,"data":[]}
2015-08-28 12:47:31 - {"success":true,"error":false,"data":[]}
2015-08-28 12:55:51 - {"success":true,"error":false,"data":[]}
2015-08-28 12:56:02 - {"success":true,"error":false,"data":[]}
2015-08-28 12:56:16 - {"success":true,"error":false,"data":[]}
2015-08-28 12:56:41 - {"success":true,"error":false,"data":[]}
2015-08-28 13:09:29 - {"success":true,"error":false,"data":[]}
2015-08-28 13:09:56 - {"success":true,"error":false,"data":[]}
2015-08-28 13:10:07 - {"success":true,"error":false,"data":[]}
2015-08-28 13:12:44 - {"success":true,"error":false,"data":[]}
2015-08-28 13:24:30 - {"success":true,"error":false,"data":[]}
2015-08-28 13:25:00 - {"success":true,"error":false,"data":[]}
2015-08-28 13:25:20 - {"success":true,"error":false,"data":[]}
2015-08-28 13:28:03 - {"success":true,"error":false,"data":[]}
2015-08-28 13:28:18 - {"success":true,"error":false,"data":[]}
2015-08-28 13:32:00 - {"success":true,"error":false,"data":[]}
2015-08-28 13:32:18 - {"success":true,"error":false,"data":[]}
2015-08-28 14:30:35 - {"success":true,"error":false,"data":[]}
2015-08-28 14:30:44 - {"success":true,"error":false,"data":[]}
2015-08-28 14:31:00 - {"success":true,"error":false,"data":[]}
2015-08-28 14:32:00 - {"success":true,"error":false,"data":[]}
2015-08-28 14:52:49 - {"success":true,"error":false,"data":[]}
2015-08-28 14:53:17 - {"success":true,"error":false,"data":[]}
2015-08-28 14:53:34 - {"success":true,"error":false,"data":[]}
2015-08-28 14:53:49 - {"success":true,"error":false,"data":[]}
2015-08-28 14:54:12 - {"success":true,"error":false,"data":[]}
2015-08-28 14:54:45 - {"success":true,"error":false,"data":[]}
2015-08-28 14:57:45 - {"success":true,"error":false,"data":[]}
2015-08-28 15:16:47 - {"success":true,"error":false,"data":[]}
2015-08-28 15:17:02 - {"success":true,"error":false,"data":[]}
2015-08-28 15:18:21 - {"success":true,"error":false,"data":[]}
2015-08-28 15:22:24 - {"success":true,"error":false,"data":[]}
2015-08-28 15:22:57 - {"success":true,"error":false,"data":[]}
2015-08-28 15:23:19 - {"success":true,"error":false,"data":[]}
2015-08-28 15:24:37 - {"success":true,"error":false,"data":[]}
2015-08-28 15:24:52 - {"success":true,"error":false,"data":[]}
2015-08-28 15:59:45 - {"success":true,"error":false,"data":[]}
2015-09-14 10:33:21 - {"success":true,"error":false,"data":[]}
2015-09-14 15:25:00 - {"success":true,"error":false,"data":[]}
2015-09-14 15:25:16 - {"success":true,"error":false,"data":[]}
2015-09-14 15:31:43 - {"success":true,"error":false,"data":[]}
2015-09-14 16:02:00 - {"success":true,"error":false,"data":[]}
2015-09-14 16:07:10 - {"success":true,"error":false,"data":[]}
2015-09-14 16:07:45 - {"success":true,"error":false,"data":[]}
2015-09-14 16:14:21 - {"success":true,"error":false,"data":[]}
2015-09-14 16:41:06 - {"success":true,"error":false,"data":[]}
2015-09-14 16:41:17 - {"success":true,"error":false,"data":[]}
2015-09-14 16:42:41 - {"success":true,"error":false,"data":[]}
2015-09-14 17:35:03 - {"success":true,"error":false,"data":[]}
2015-09-14 17:35:22 - {"success":true,"error":false,"data":[]}
2015-09-14 17:35:35 - {"success":true,"error":false,"data":[]}
2015-09-14 17:36:42 - {"success":true,"error":false,"data":[]}
2015-09-15 10:04:54 - {"success":true,"error":false,"data":[]}
2015-09-15 10:10:33 - {"success":true,"error":false,"data":[]}
2015-09-15 10:10:44 - {"success":true,"error":false,"data":[]}
2015-09-15 10:11:38 - {"success":true,"error":false,"data":[]}
2015-09-15 10:11:44 - {"success":true,"error":false,"data":[]}
2015-09-15 10:11:53 - {"success":true,"error":false,"data":[]}
2015-09-15 12:09:02 - {"success":true,"error":false,"data":[]}
2015-09-15 12:10:55 - {"success":true,"error":false,"data":[]}
2015-09-15 12:11:12 - {"success":true,"error":false,"data":[]}
2015-09-15 12:18:31 - {"success":true,"error":false,"data":[]}
2015-09-15 12:18:45 - {"success":true,"error":false,"data":[]}
2015-09-15 12:32:29 - {"success":true,"error":false,"data":[]}
2015-09-15 12:32:41 - {"success":true,"error":false,"data":[]}
2015-09-15 12:33:56 - {"success":true,"error":false,"data":[]}
2015-09-15 12:34:31 - {"success":true,"error":false,"data":[]}
2015-09-15 12:34:40 - {"success":true,"error":false,"data":[]}
2015-09-15 12:34:55 - {"success":true,"error":false,"data":[]}
2015-09-15 12:35:37 - {"success":true,"error":false,"data":[]}
2015-09-15 14:38:49 - {"success":true,"error":false,"data":[]}
2015-09-15 14:41:59 - {"success":true,"error":false,"data":[]}
2015-09-15 14:42:16 - {"success":true,"error":false,"data":[]}
2015-09-15 15:07:01 - {"success":true,"error":false,"data":[]}
2015-09-15 15:42:25 - {"success":true,"error":false,"data":[]}
2015-09-15 15:43:18 - {"success":true,"error":false,"data":[]}
2015-09-15 15:43:28 - {"success":true,"error":false,"data":[]}
2015-09-15 15:43:58 - {"success":true,"error":false,"data":[]}
2015-09-15 15:44:15 - {"success":true,"error":false,"data":[]}
2015-09-15 15:47:04 - {"success":true,"error":false,"data":[]}
2015-09-15 15:47:22 - {"success":true,"error":false,"data":[]}
2015-09-15 15:47:44 - {"success":true,"error":false,"data":[]}
2015-09-15 16:01:13 - {"success":true,"error":false,"data":[]}
2015-09-15 16:01:34 - {"success":true,"error":false,"data":[]}
2015-09-15 16:01:53 - {"success":true,"error":false,"data":[]}
2015-09-15 16:02:04 - {"success":true,"error":false,"data":[]}
2015-09-15 16:39:09 - {"success":true,"error":false,"data":[]}
2015-09-15 16:45:35 - {"success":true,"error":false,"data":[]}
2015-09-15 16:45:43 - {"success":true,"error":false,"data":[]}
2015-09-15 17:54:03 - {"success":true,"error":false,"data":[]}
2015-09-16 10:45:14 - {"success":true,"error":false,"data":[]}
2015-09-16 10:57:42 - {"success":true,"error":false,"data":[]}
2015-09-16 11:58:00 - {"success":true,"error":false,"data":[]}
2015-09-16 11:59:39 - {"success":true,"error":false,"data":[]}
2015-09-16 12:00:07 - {"success":true,"error":false,"data":[]}
2015-09-16 12:00:21 - {"success":true,"error":false,"data":[]}
2015-09-16 12:04:22 - {"success":true,"error":false,"data":[]}
2015-09-16 12:09:05 - {"success":true,"error":false,"data":[]}
2015-09-16 12:09:38 - {"success":true,"error":false,"data":[]}
2015-09-16 12:13:43 - {"success":true,"error":false,"data":[]}
2015-09-16 12:14:40 - {"success":true,"error":false,"data":[]}
2015-09-16 12:17:05 - {"success":true,"error":false,"data":[]}
2015-09-16 12:17:19 - {"success":true,"error":false,"data":[]}
2015-09-16 12:18:30 - {"success":true,"error":false,"data":[]}
2015-09-16 12:18:43 - {"success":true,"error":false,"data":[]}
2015-09-16 12:28:26 - {"success":true,"error":false,"data":[]}
2015-09-16 12:28:39 - {"success":true,"error":false,"data":[]}
2015-09-16 12:28:47 - {"success":true,"error":false,"data":[]}
2015-09-16 12:29:01 - {"success":true,"error":false,"data":[]}
2015-09-16 12:36:17 - {"success":true,"error":false,"data":[]}
2015-09-16 12:36:40 - {"success":true,"error":false,"data":[]}
2015-09-16 12:37:22 - {"success":true,"error":false,"data":[]}
2015-09-16 12:53:20 - {"success":true,"error":false,"data":[]}
2015-09-16 13:11:58 - {"success":true,"error":false,"data":[]}
2015-09-16 13:12:15 - {"success":true,"error":false,"data":[]}
2015-09-16 13:12:48 - {"success":true,"error":false,"data":[]}
2015-09-16 13:13:07 - {"success":true,"error":false,"data":[]}
2015-09-16 13:13:47 - {"success":true,"error":false,"data":[]}
2015-09-16 13:14:02 - {"success":true,"error":false,"data":[]}
2015-09-16 13:14:21 - {"success":true,"error":false,"data":[]}
2015-09-16 13:14:42 - {"success":true,"error":false,"data":[]}
2015-09-24 15:37:39 - {"success":true,"error":false,"data":[]}
2015-09-25 14:04:09 - {"success":true,"error":false,"data":[]}
