2015-05-18 09:42:35 - $_REQUEST : Array
(
    [ajax] => true
    [action] => login
    [user_name] => admin
    [user_passw] => 1
    [remember] => 1
)

2015-05-18 09:42:35 - $loginFoundUser : 1
2015-05-18 09:42:35 - $FI_redirectLoginSuccess : /
2015-05-18 16:08:53 - $_REQUEST : Array
(
    [ajax] => true
    [action] => login
    [user_name] => admin
    [user_passw] => 1
    [remember] => 1
)

2015-05-18 16:08:53 - $loginFoundUser : 1
2015-05-18 16:08:53 - $FI_redirectLoginSuccess : /
2015-05-21 10:21:03 - $_REQUEST : Array
(
    [ajax] => true
    [action] => login
    [user_name] => admin
    [user_passw] => 1
    [remember] => 1
)

2015-05-21 10:21:03 - $loginFoundUser : 1
2015-05-21 10:21:03 - $FI_redirectLoginSuccess : /
2015-05-22 10:55:46 - $loginFoundUser : 1
2015-05-22 10:55:46 - $_REQUEST : Array
(
    [ajax] => true
    [action] => login
    [user_name] => admin
    [user_passw] => 1
    [remember] => 1
)

2015-05-22 10:55:46 - $FI_redirectLoginSuccess : /
2015-05-25 10:14:45 - $loginFoundUser : 1
2015-05-25 10:14:45 - $FI_redirectLoginSuccess : /
2015-05-25 10:14:45 - $_REQUEST : Array
(
    [ajax] => true
    [action] => login
    [user_name] => admin
    [user_passw] => 1
    [remember] => 1
)

2015-05-26 17:17:31 - $loginFoundUser : 1
2015-05-26 17:17:31 - $FI_redirectLoginSuccess : /
2015-05-27 14:08:02 - $_REQUEST : Array
(
    [ajax] => true
    [action] => login
    [user_name] => admin
    [user_passw] => 1
    [remember] => 1
)

2015-05-27 14:08:02 - $loginFoundUser : 1
2015-05-27 14:08:02 - $FI_redirectLoginSuccess : /
2015-05-28 10:37:50 - $_REQUEST : Array
(
    [ajax] => true
    [action] => login
    [user_name] => admin
    [user_passw] => 1
    [remember] => 1
)

2015-05-28 10:37:50 - $loginFoundUser : 1
2015-05-28 10:37:50 - $FI_redirectLoginSuccess : /
2015-05-28 15:22:14 - $_REQUEST : Array
(
    [ajax] => true
    [action] => login
    [user_name] => admin
    [user_passw] => 1
    [remember] => 1
)

2015-05-28 15:22:14 - $loginFoundUser : 1
2015-05-28 15:22:14 - $FI_redirectLoginSuccess : /
2015-06-01 10:09:50 - $_REQUEST : Array
(
    [ajax] => true
    [action] => login
    [user_name] => admin
    [user_passw] => 1
    [remember] => 1
)

2015-06-01 10:09:50 - $loginFoundUser : 1
2015-06-01 10:09:50 - $FI_redirectLoginSuccess : /
2015-06-02 09:55:17 - $_REQUEST : Array
(
    [ajax] => true
    [action] => login
    [user_name] => admin
    [user_passw] => 1
    [remember] => 1
)

2015-06-02 09:55:17 - $loginFoundUser : 1
2015-06-02 09:55:17 - $FI_redirectLoginSuccess : /
2015-06-02 11:56:36 - $loginFoundUser : 1
2015-06-02 11:56:36 - $FI_redirectLoginSuccess : /
2015-06-02 11:56:36 - $_REQUEST : Array
(
    [ajax] => true
    [action] => login
    [user_name] => admin
    [user_passw] => 1
    [remember] => 1
)

2015-06-03 10:18:43 - $_REQUEST : Array
(
    [ajax] => true
    [action] => login
    [user_name] => admin
    [user_passw] => 1
    [remember] => 1
)

2015-06-03 10:18:44 - $loginFoundUser : 1
2015-06-03 10:18:44 - $FI_redirectLoginSuccess : /
2015-06-04 11:11:18 - $_REQUEST : Array
(
    [ajax] => true
    [action] => login
    [user_name] => admin
    [user_passw] => 1
    [remember] => 1
)

2015-06-04 11:11:18 - $loginFoundUser : 1
2015-06-04 11:11:18 - $FI_redirectLoginSuccess : /
2015-06-04 12:03:14 - $loginFoundUser : 1
2015-06-04 12:03:14 - $FI_redirectLoginSuccess : /
2015-06-04 15:28:12 - $_REQUEST : Array
(
    [ajax] => true
    [action] => login
    [user_name] => admin
    [user_passw] => 1
    [remember] => 1
)

2015-06-04 15:28:12 - $loginFoundUser : 1
2015-06-04 15:28:12 - $FI_redirectLoginSuccess : /
2015-06-04 15:32:44 - $loginFoundUser : 1
2015-06-04 15:32:44 - $FI_redirectLoginSuccess : /
2015-06-05 10:27:01 - $loginFoundUser : 1
2015-06-05 10:27:01 - $_REQUEST : Array
(
    [ajax] => true
    [action] => login
    [user_name] => admin
    [user_passw] => 1
    [remember] => 1
)

2015-06-05 10:27:01 - $FI_redirectLoginSuccess : /
2015-06-05 11:42:09 - $FI_redirectLoginFailed : http://new.agstrad.loc/
2015-06-05 11:42:29 - $loginFoundUser : 1
2015-06-05 11:42:29 - $FI_redirectLoginSuccess : /
2015-06-08 17:49:43 - $_REQUEST : Array
(
    [ajax] => true
    [action] => login
    [user_name] => admin
    [user_passw] => 1
    [remember] => 1
)

2015-06-08 17:49:43 - $loginFoundUser : 1
2015-06-08 17:49:43 - $FI_redirectLoginSuccess : /
2015-06-09 15:05:20 - $_REQUEST : Array
(
    [ajax] => true
    [action] => login
    [user_name] => admin
    [user_passw] => 1
    [remember] => 1
)

2015-06-09 15:05:20 - $loginFoundUser : 1
2015-06-09 15:05:20 - $FI_redirectLoginSuccess : /
2015-06-10 10:31:41 - $_REQUEST : Array
(
    [ajax] => true
    [action] => login
    [user_name] => admin
    [user_passw] => 1
    [remember] => 1
)

2015-06-10 10:31:41 - $loginFoundUser : 1
2015-06-10 10:31:41 - $FI_redirectLoginSuccess : /
2015-06-11 09:49:12 - $loginFoundUser : 1
2015-06-11 09:49:12 - $FI_redirectLoginSuccess : /
2015-06-11 09:49:12 - $_REQUEST : Array
(
    [ajax] => true
    [action] => login
    [user_name] => admin
    [user_passw] => 1
    [remember] => 1
)

2015-07-06 10:41:34 - $_REQUEST : Array
(
    [ajax] => true
    [action] => login
    [user_name] => admin
    [user_passw] => 1
    [remember] => 1
)

2015-07-06 10:41:34 - $loginFoundUser : 1
2015-07-06 10:41:34 - $FI_redirectLoginSuccess : /
2015-07-06 11:22:07 - REQUEST : Array
(
    [ajax] => true
    [action] => login
    [user_name] => admin
    [user_passw] => 1
    [remember] => 1
)

2015-07-06 11:22:07 - FI_redirectLoginFailed : http://new.agstrad.loc/
2015-07-06 11:23:32 - REQUEST : Array
(
    [ajax] => true
    [action] => login
    [user_name] => admin
    [user_passw] => 1
    [remember] => 1
)

2015-07-06 11:23:32 - $loginFoundUser : 1
2015-07-06 11:23:32 - FI_redirectLoginSuccess : /
2015-07-07 13:10:01 - REQUEST : Array
(
    [ajax] => true
    [action] => login
    [user_name] => admin
    [user_passw] => 1
    [remember] => 1
)

2015-07-07 13:10:01 - $loginFoundUser : 1
2015-07-07 13:10:01 - FI_redirectLoginSuccess : /
2015-07-09 11:16:02 - REQUEST : Array
(
    [ajax] => true
    [action] => login
    [user_name] => admin
    [user_passw] => 1
    [remember] => 1
)

2015-07-09 11:16:03 - $loginFoundUser : 1
2015-07-09 11:16:03 - FI_redirectLoginSuccess : /
2015-07-15 17:15:25 - REQUEST : Array
(
    [ajax] => true
    [action] => login
    [user_name] => admin
    [user_passw] => 1
    [remember] => 1
)

2015-07-15 17:15:25 - $loginFoundUser : 1
2015-07-15 17:15:25 - FI_redirectLoginSuccess : /
2015-07-15 17:15:36 - REQUEST : Array
(
    [ajax] => true
    [action] => login
    [user_name] => admin
    [user_passw] => 1
    [remember] => 1
)

2015-07-15 17:15:36 - $loginFoundUser : 1
2015-07-15 17:15:36 - FI_redirectLoginSuccess : /
2015-07-20 14:26:12 - REQUEST : Array
(
    [ajax] => true
    [action] => login
    [user_name] => admin
    [user_passw] => 1
    [remember] => 1
)

2015-07-20 14:26:13 - $loginFoundUser : 1
2015-07-20 14:26:13 - FI_redirectLoginSuccess : /
2015-07-21 09:30:47 - REQUEST : Array
(
    [ajax] => true
    [action] => login
    [user_name] => admin
    [user_passw] => 1
    [remember] => 1
)

2015-07-21 09:30:47 - $loginFoundUser : 1
2015-07-21 09:30:47 - FI_redirectLoginSuccess : /
2015-07-23 09:26:39 - REQUEST : Array
(
    [ajax] => true
    [action] => login
    [user_name] => admin
    [user_passw] => 1
    [remember] => 1
)

2015-07-23 09:26:39 - $loginFoundUser : 1
2015-07-23 09:26:39 - FI_redirectLoginSuccess : /
2015-07-27 11:28:17 - REQUEST : Array
(
    [ajax] => true
    [action] => login
    [user_name] => admin
    [user_passw] => 1
    [remember] => 1
)

2015-07-27 11:28:17 - $loginFoundUser : 1
2015-07-27 11:28:17 - FI_redirectLoginSuccess : /
2015-07-29 11:03:20 - REQUEST : Array
(
    [ajax] => true
    [action] => login
    [user_name] => admin
    [user_passw] => 1
    [remember] => 1
)

2015-07-29 11:03:20 - $loginFoundUser : 1
2015-07-29 11:03:20 - FI_redirectLoginSuccess : /
2015-07-30 11:36:42 - REQUEST : Array
(
    [ajax] => true
    [action] => login
    [user_name] => admin
    [user_passw] => 1
    [remember] => 1
)

2015-07-30 11:36:42 - $loginFoundUser : 1
2015-07-30 11:36:42 - FI_redirectLoginSuccess : /
2015-08-03 10:32:51 - REQUEST : Array
(
    [ajax] => true
    [action] => login
    [user_name] => admin
    [user_passw] => 1
    [remember] => 1
)

2015-08-03 10:32:51 - $loginFoundUser : 1
2015-08-03 10:32:51 - FI_redirectLoginSuccess : /
2015-08-03 10:41:08 - REQUEST : Array
(
    [ajax] => true
    [action] => login
    [user_name] => admin
    [user_passw] => 1
    [remember] => 1
)

2015-08-03 10:41:08 - $loginFoundUser : 1
2015-08-03 10:41:08 - FI_redirectLoginSuccess : /
2015-08-04 18:11:53 - REQUEST : Array
(
    [ajax] => true
    [action] => login
    [user_name] => admin
    [user_passw] => 1
    [remember] => 1
)

2015-08-04 18:11:53 - $loginFoundUser : 1
2015-08-04 18:11:53 - FI_redirectLoginSuccess : /
2015-08-05 09:38:04 - REQUEST : Array
(
    [ajax] => true
    [action] => login
    [user_name] => admin
    [user_passw] => 1
    [remember] => 1
)

2015-08-05 09:38:04 - $loginFoundUser : 1
2015-08-05 09:38:04 - FI_redirectLoginSuccess : /
2015-08-07 11:03:22 - REQUEST : Array
(
    [ajax] => true
    [action] => login
    [user_name] => admin
    [user_passw] => 1
    [remember] => 1
)

2015-08-07 11:03:22 - $loginFoundUser : 1
2015-08-07 11:03:22 - FI_redirectLoginSuccess : /
2015-08-07 13:34:28 - REQUEST : Array
(
    [ajax] => true
    [action] => login
    [user_name] => admin
    [user_passw] => 1
    [remember] => 1
)

2015-08-07 13:34:28 - $loginFoundUser : 1
2015-08-07 13:34:28 - FI_redirectLoginSuccess : /
2015-08-10 13:10:03 - REQUEST : Array
(
    [ajax] => true
    [action] => login
    [user_name] => admin
    [user_passw] => 1
    [remember] => 1
)

2015-08-10 13:10:03 - $loginFoundUser : 1
2015-08-10 13:10:03 - FI_redirectLoginSuccess : /
2015-08-11 11:28:43 - REQUEST : Array
(
    [ajax] => true
    [action] => login
    [user_name] => admin
    [user_passw] => 1
    [remember] => 1
)

2015-08-11 11:28:43 - $loginFoundUser : 1
2015-08-11 11:28:43 - FI_redirectLoginSuccess : /
2015-08-11 11:47:33 - REQUEST : Array
(
    [ajax] => true
    [action] => login
    [user_name] => admin
    [user_passw] => 1
    [remember] => 1
)

2015-08-11 11:47:34 - $loginFoundUser : 1
2015-08-11 11:47:34 - FI_redirectLoginSuccess : /
2015-08-11 12:06:50 - $loginFoundUser : 1
2015-08-11 12:06:50 - FI_redirectLoginSuccess : /
2015-08-11 17:12:21 - REQUEST : Array
(
    [ajax] => true
    [action] => login
    [user_name] => admin
    [user_passw] => 1
    [remember] => 1
)

2015-08-11 17:12:21 - $loginFoundUser : 1
2015-08-11 17:12:21 - FI_redirectLoginSuccess : /
2015-08-12 16:56:32 - REQUEST : Array
(
    [ajax] => true
    [action] => login
    [user_name] => admin
    [user_passw] => 1
    [remember] => 1
)

2015-08-12 16:56:33 - $loginFoundUser : 1
2015-08-12 16:56:33 - FI_redirectLoginSuccess : /
2015-08-13 10:07:51 - REQUEST : Array
(
    [ajax] => true
    [action] => login
    [user_name] => admin
    [user_passw] => 1
    [remember] => 1
)

2015-08-13 10:07:51 - $loginFoundUser : 1
2015-08-13 10:07:51 - FI_redirectLoginSuccess : /
2015-08-14 10:04:39 - $loginFoundUser : 1
2015-08-14 10:04:39 - FI_redirectLoginSuccess : /
2015-08-14 10:04:39 - REQUEST : Array
(
    [ajax] => true
    [action] => login
    [user_name] => admin
    [user_passw] => 1
    [remember] => 1
)

2015-08-17 10:35:23 - REQUEST : Array
(
    [ajax] => true
    [action] => login
    [user_name] => admin
    [user_passw] => 1
    [remember] => 1
)

2015-08-17 10:35:23 - $loginFoundUser : 1
2015-08-17 10:35:23 - FI_redirectLoginSuccess : /
2015-08-18 12:42:51 - REQUEST : Array
(
    [ajax] => true
    [action] => login
    [user_name] => admin
    [user_passw] => 1
    [remember] => 1
)

2015-08-18 12:42:51 - $loginFoundUser : 1
2015-08-18 12:42:51 - FI_redirectLoginSuccess : /
2015-08-25 16:52:22 - REQUEST : Array
(
    [ajax] => true
    [action] => login
    [user_name] => admin
    [user_passw] => 1
    [remember] => 1
)

2015-08-25 16:52:22 - $loginFoundUser : 1
2015-08-25 16:52:22 - FI_redirectLoginSuccess : /
2015-08-26 16:12:49 - REQUEST : Array
(
    [ajax] => true
    [action] => login
    [user_name] => admin
    [user_passw] => 1
    [remember] => 1
)

2015-08-26 16:12:49 - $loginFoundUser : 1
2015-08-26 16:12:49 - FI_redirectLoginSuccess : /
2015-08-27 10:05:04 - REQUEST : Array
(
    [ajax] => true
    [action] => login
    [user_name] => admin
    [user_passw] => 1
    [remember] => 1
)

2015-08-27 10:05:04 - $loginFoundUser : 1
2015-08-27 10:05:04 - FI_redirectLoginSuccess : /
2015-09-14 10:32:37 - REQUEST : Array
(
    [ajax] => true
    [action] => login
    [user_name] => admin
    [user_passw] => 1
    [remember] => 1
)

2015-09-14 10:32:37 - $loginFoundUser : 1
2015-09-14 10:32:37 - FI_redirectLoginSuccess : /
2015-09-16 10:44:48 - REQUEST : Array
(
    [ajax] => true
    [action] => login
    [user_name] => admin
    [user_passw] => 1
    [remember] => 1
)

2015-09-16 10:44:48 - $loginFoundUser : 1
2015-09-16 10:44:48 - FI_redirectLoginSuccess : /
